#
# There is insufficient memory for the Java Runtime Environment to continue.
# Native memory allocation (mmap) failed to map 130023424 bytes for G1 virtual space
# Possible reasons:
#   The system is out of physical RAM or swap space
#   The process is running with CompressedOops enabled, and the Java Heap may be blocking the growth of the native heap
# Possible solutions:
#   Reduce memory load on the system
#   Increase physical memory or swap space
#   Check if swap backing store is full
#   Decrease Java heap size (-Xmx/-Xms)
#   Decrease number of Java threads
#   Decrease Java thread stack sizes (-Xss)
#   Set larger code cache with -XX:ReservedCodeCacheSize=
#   JVM is running with Zero Based Compressed Oops mode in which the Java heap is
#     placed in the first 32GB address space. The Java Heap base address is the
#     maximum limit for the native heap growth. Please use -XX:HeapBaseMinAddress
#     to set the Java Heap base and to place the Java Heap above 32GB virtual address.
# This output file may be truncated or incomplete.
#
#  Out of Memory Error (os_windows.cpp:3532), pid=12216, tid=19020
#
# JRE version: OpenJDK Runtime Environment (17.0.2+8) (build 17.0.2+8-86)
# Java VM: OpenJDK 64-Bit Server VM (17.0.2+8-86, mixed mode, emulated-client, sharing, tiered, compressed oops, compressed class ptrs, g1 gc, windows-amd64)
# No core dump will be written. Minidumps are not enabled by default on client versions of Windows
#

---------------  S U M M A R Y ------------

Command Line: -XX:TieredStopAtLevel=1 -Xverify:none -Dspring.output.ansi.enabled=always -Dcom.sun.management.jmxremote -Dspring.jmx.enabled=true -Dspring.liveBeansView.mbeanDomain -Dspring.application.admin.enabled=true -javaagent:C:\Program Files\JetBrains\IntelliJ IDEA 2022.1.2\lib\idea_rt.jar=54070:C:\Program Files\JetBrains\IntelliJ IDEA 2022.1.2\bin -Dfile.encoding=UTF-8 com.andersen.banking.PaymentServiceApplication

Host: Intel(R) Core(TM) i3-10110U CPU @ 2.10GHz, 4 cores, 15G,  Windows 10 , 64 bit Build 19041 (10.0.19041.1889)
Time: Thu Sep  8 13:42:32 2022 RTZ 2 (s 10 , 64 bit Build 19041 (10.0.19041.1889) elapsed time: 13.263679 seconds (0d 0h 0m 13s)

---------------  T H R E A D  ---------------

Current thread (0x000001d1ccc87080):  VMThread "VM Thread" [stack: 0x00000075a8100000,0x00000075a8200000] [id=19020]

Stack: [0x00000075a8100000,0x00000075a8200000]
Native frames: (J=compiled Java code, j=interpreted, Vv=VM code, C=native code)
V  [jvm.dll+0x670baa]
V  [jvm.dll+0x7cfcb4]
V  [jvm.dll+0x7d145e]
V  [jvm.dll+0x7d1ac3]
V  [jvm.dll+0x242bc5]
V  [jvm.dll+0x66dac9]
V  [jvm.dll+0x662412]
V  [jvm.dll+0x300c0b]
V  [jvm.dll+0x3081a6]
V  [jvm.dll+0x357d0e]
V  [jvm.dll+0x357f3f]
V  [jvm.dll+0x2d7ec8]
V  [jvm.dll+0x2d6194]
V  [jvm.dll+0x2d579c]
V  [jvm.dll+0x3190eb]
V  [jvm.dll+0x7d5f9b]
V  [jvm.dll+0x7d6cd4]
V  [jvm.dll+0x7d71ec]
V  [jvm.dll+0x7d75c4]
V  [jvm.dll+0x7d7690]
V  [jvm.dll+0x77ff7a]
V  [jvm.dll+0x66fa35]
C  [ucrtbase.dll+0x21bb2]
C  [KERNEL32.DLL+0x17034]
C  [ntdll.dll+0x52651]

VM_Operation (0x00000075aa8faea0): G1CollectForAllocation, mode: safepoint, requested by thread 0x000001d1db3aaef0


---------------  P R O C E S S  ---------------

Threads class SMR info:
_java_thread_list=0x000001d1d96327d0, length=45, elements={
0x000001d1b6c19700, 0x000001d1ccc8d0e0, 0x000001d1ccc8e6f0, 0x000001d1ccca3690,
0x000001d1ccca3f50, 0x000001d1ccca70b0, 0x000001d1cccaa240, 0x000001d1cccb02e0,
0x000001d1cd820830, 0x000001d1cd87ea60, 0x000001d1ccc78120, 0x000001d1ce0212e0,
0x000001d1cdf4d940, 0x000001d1ce1c98f0, 0x000001d1ce27b450, 0x000001d1d5f9ece0,
0x000001d1d5fc10d0, 0x000001d1d608ac80, 0x000001d1d60a7fa0, 0x000001d1d8b98210,
0x000001d1d8b96a00, 0x000001d1d8b96ed0, 0x000001d1d8b97870, 0x000001d1d8b97d40,
0x000001d1d8b973a0, 0x000001d1d8b986e0, 0x000001d1d8b96060, 0x000001d1d8b96530,
0x000001d1d8b98bb0, 0x000001d1d8b99080, 0x000001d1d8b99550, 0x000001d1d8b99a20,
0x000001d1db3aaef0, 0x000001d1db3ab3c0, 0x000001d1db3aa080, 0x000001d1db3ab890,
0x000001d1db3aaa20, 0x000001d1db3abd60, 0x000001d1db3ac230, 0x000001d1db3ac700,
0x000001d1db3acbd0, 0x000001d1db3ad0a0, 0x000001d1db3aa550, 0x000001d1db3ada40,
0x000001d1db3ad570
}

Java Threads: ( => current thread )
  0x000001d1b6c19700 JavaThread "main" [_thread_blocked, id=18632, stack(0x00000075a7b00000,0x00000075a7c00000)]
  0x000001d1ccc8d0e0 JavaThread "Reference Handler" daemon [_thread_blocked, id=10072, stack(0x00000075a8200000,0x00000075a8300000)]
  0x000001d1ccc8e6f0 JavaThread "Finalizer" daemon [_thread_blocked, id=8852, stack(0x00000075a8300000,0x00000075a8400000)]
  0x000001d1ccca3690 JavaThread "Signal Dispatcher" daemon [_thread_blocked, id=14932, stack(0x00000075a8400000,0x00000075a8500000)]
  0x000001d1ccca3f50 JavaThread "Attach Listener" daemon [_thread_blocked, id=9468, stack(0x00000075a8500000,0x00000075a8600000)]
  0x000001d1ccca70b0 JavaThread "Service Thread" daemon [_thread_blocked, id=17268, stack(0x00000075a8600000,0x00000075a8700000)]
  0x000001d1cccaa240 JavaThread "Monitor Deflation Thread" daemon [_thread_blocked, id=19240, stack(0x00000075a8700000,0x00000075a8800000)]
  0x000001d1cccb02e0 JavaThread "C1 CompilerThread0" daemon [_thread_blocked, id=320, stack(0x00000075a8800000,0x00000075a8900000)]
  0x000001d1cd820830 JavaThread "Sweeper thread" daemon [_thread_blocked, id=19472, stack(0x00000075a8900000,0x00000075a8a00000)]
  0x000001d1cd87ea60 JavaThread "Common-Cleaner" daemon [_thread_blocked, id=5672, stack(0x00000075a8a00000,0x00000075a8b00000)]
  0x000001d1ccc78120 JavaThread "C1 CompilerThread1" daemon [_thread_blocked, id=19244, stack(0x00000075a8b00000,0x00000075a8c00000)]
  0x000001d1ce0212e0 JavaThread "Monitor Ctrl-Break" daemon [_thread_in_native, id=17804, stack(0x00000075a8f00000,0x00000075a9000000)]
  0x000001d1cdf4d940 JavaThread "Notification Thread" daemon [_thread_blocked, id=18104, stack(0x00000075a9000000,0x00000075a9100000)]
  0x000001d1ce1c98f0 JavaThread "RMI TCP Accept-0" daemon [_thread_in_native, id=4236, stack(0x00000075a9100000,0x00000075a9200000)]
  0x000001d1ce27b450 JavaThread "C1 CompilerThread2" daemon [_thread_blocked, id=20428, stack(0x00000075a9300000,0x00000075a9400000)]
  0x000001d1d5f9ece0 JavaThread "Thread-0" [_thread_blocked, id=7352, stack(0x00000075a9400000,0x00000075a9500000)]
  0x000001d1d5fc10d0 JavaThread "restartedMain" [_thread_blocked, id=1176, stack(0x00000075a9500000,0x00000075a9600000)]
  0x000001d1d608ac80 JavaThread "RMI TCP Connection(2)-10.8.22.196" daemon [_thread_in_native, id=12568, stack(0x00000075a9600000,0x00000075a9700000)]
  0x000001d1d60a7fa0 JavaThread "RMI Scheduler(0)" daemon [_thread_blocked, id=3876, stack(0x00000075a9700000,0x00000075a9800000)]
  0x000001d1d8b98210 JavaThread "Catalina-utility-1" [_thread_blocked, id=17324, stack(0x00000075a9900000,0x00000075a9a00000)]
  0x000001d1d8b96a00 JavaThread "Catalina-utility-2" [_thread_blocked, id=18424, stack(0x00000075a9a00000,0x00000075a9b00000)]
  0x000001d1d8b96ed0 JavaThread "container-0" [_thread_blocked, id=12408, stack(0x00000075a9b00000,0x00000075a9c00000)]
  0x000001d1d8b97870 JavaThread "HikariPool-1 housekeeper" daemon [_thread_blocked, id=17756, stack(0x00000075a9e00000,0x00000075a9f00000)]
  0x000001d1d8b97d40 JavaThread "Live Reload Server" daemon [_thread_in_native, id=5208, stack(0x00000075aa100000,0x00000075aa200000)]
  0x000001d1d8b973a0 JavaThread "File Watcher" daemon [_thread_blocked, id=13884, stack(0x00000075a9f00000,0x00000075aa000000)]
  0x000001d1d8b986e0 JavaThread "spring.cloud.inetutils" daemon [_thread_blocked, id=20092, stack(0x00000075aa000000,0x00000075aa100000)]
  0x000001d1d8b96060 JavaThread "AsyncResolver-bootstrap-0" daemon [_thread_blocked, id=16424, stack(0x00000075aa200000,0x00000075aa300000)]
  0x000001d1d8b96530 JavaThread "RMI TCP Connection(3)-10.8.22.196" daemon [_thread_in_native, id=19552, stack(0x00000075aa300000,0x00000075aa400000)]
  0x000001d1d8b98bb0 JavaThread "DiscoveryClient-0" daemon [_thread_blocked, id=12440, stack(0x00000075aa400000,0x00000075aa500000)]
  0x000001d1d8b99080 JavaThread "DiscoveryClient-1" daemon [_thread_blocked, id=3132, stack(0x00000075aa500000,0x00000075aa600000)]
  0x000001d1d8b99550 JavaThread "DiscoveryClient-InstanceInfoReplicator-0" daemon [_thread_blocked, id=12776, stack(0x00000075aa600000,0x00000075aa700000)]
  0x000001d1d8b99a20 JavaThread "ThreadPoolTaskScheduler-1" [_thread_blocked, id=12192, stack(0x00000075aa700000,0x00000075aa800000)]
  0x000001d1db3aaef0 JavaThread "org.springframework.kafka.KafkaListenerEndpointContainer#0-0-C-1" [_thread_blocked, id=17664, stack(0x00000075aa800000,0x00000075aa900000)]
  0x000001d1db3ab3c0 JavaThread "http-nio-8182-exec-1" daemon [_thread_blocked, id=19640, stack(0x00000075aa900000,0x00000075aaa00000)]
  0x000001d1db3aa080 JavaThread "http-nio-8182-exec-2" daemon [_thread_blocked, id=4468, stack(0x00000075aaa00000,0x00000075aab00000)]
  0x000001d1db3ab890 JavaThread "http-nio-8182-exec-3" daemon [_thread_blocked, id=20192, stack(0x00000075aab00000,0x00000075aac00000)]
  0x000001d1db3aaa20 JavaThread "http-nio-8182-exec-4" daemon [_thread_blocked, id=848, stack(0x00000075aac00000,0x00000075aad00000)]
  0x000001d1db3abd60 JavaThread "http-nio-8182-exec-5" daemon [_thread_blocked, id=18616, stack(0x00000075aad00000,0x00000075aae00000)]
  0x000001d1db3ac230 JavaThread "http-nio-8182-exec-6" daemon [_thread_blocked, id=20120, stack(0x00000075aae00000,0x00000075aaf00000)]
  0x000001d1db3ac700 JavaThread "http-nio-8182-exec-7" daemon [_thread_blocked, id=2972, stack(0x00000075aaf00000,0x00000075ab000000)]
  0x000001d1db3acbd0 JavaThread "http-nio-8182-exec-8" daemon [_thread_blocked, id=124, stack(0x00000075ab000000,0x00000075ab100000)]
  0x000001d1db3ad0a0 JavaThread "http-nio-8182-exec-9" daemon [_thread_blocked, id=19540, stack(0x00000075ab100000,0x00000075ab200000)]
  0x000001d1db3aa550 JavaThread "http-nio-8182-exec-10" daemon [_thread_blocked, id=7044, stack(0x00000075ab200000,0x00000075ab300000)]
  0x000001d1db3ada40 JavaThread "http-nio-8182-Poller" daemon [_thread_in_native, id=18796, stack(0x00000075ab300000,0x00000075ab400000)]
  0x000001d1db3ad570 JavaThread "http-nio-8182-Acceptor" daemon [_thread_in_native, id=18232, stack(0x00000075ab400000,0x00000075ab500000)]

Other Threads:
=>0x000001d1ccc87080 VMThread "VM Thread" [stack: 0x00000075a8100000,0x00000075a8200000] [id=19020]
  0x000001d1b6c83d60 WatcherThread [stack: 0x00000075a9200000,0x00000075a9300000] [id=7928]
  0x000001d1b6c66e60 GCTaskThread "GC Thread#0" [stack: 0x00000075a7c00000,0x00000075a7d00000] [id=6584]
  0x000001d1cdbfdeb0 GCTaskThread "GC Thread#1" [stack: 0x00000075a8c00000,0x00000075a8d00000] [id=19308]
  0x000001d1cdbfe160 GCTaskThread "GC Thread#2" [stack: 0x00000075a8d00000,0x00000075a8e00000] [id=18332]
  0x000001d1cdbfe410 GCTaskThread "GC Thread#3" [stack: 0x00000075a8e00000,0x00000075a8f00000] [id=9548]
  0x000001d1b6c77930 ConcurrentGCThread "G1 Main Marker" [stack: 0x00000075a7d00000,0x00000075a7e00000] [id=13156]
  0x000001d1b6c78ae0 ConcurrentGCThread "G1 Conc#0" [stack: 0x00000075a7e00000,0x00000075a7f00000] [id=2464]
  0x000001d1ccb424d0 ConcurrentGCThread "G1 Refine#0" [stack: 0x00000075a7f00000,0x00000075a8000000] [id=8744]
  0x000001d1d60350f0 ConcurrentGCThread "G1 Refine#1" [stack: 0x00000075a9800000,0x00000075a9900000] [id=17764]
  0x000001d1d690e940 ConcurrentGCThread "G1 Refine#2" [stack: 0x00000075a9d00000,0x00000075a9e00000] [id=2344]
  0x000001d1ccb42ef0 ConcurrentGCThread "G1 Service" [stack: 0x00000075a8000000,0x00000075a8100000] [id=15392]

Threads with active compile tasks:

VM state: at safepoint (normal execution)

VM Mutex/Monitor currently owned by a thread:  ([mutex/lock_event])
[0x000001d1b6c14ae0] Threads_lock - owner thread: 0x000001d1ccc87080
[0x000001d1b6c15d70] Heap_lock - owner thread: 0x000001d1db3aaef0

Heap address: 0x0000000704600000, size: 4026 MB, Compressed Oops mode: Zero based, Oop shift amount: 3

CDS archive(s) mapped at: [0x0000000800000000-0x0000000800bc0000-0x0000000800bc0000), size 12320768, SharedBaseAddress: 0x0000000800000000, ArchiveRelocationMode: 0.
Compressed class space mapped at: 0x0000000800c00000-0x0000000840c00000, reserved size: 1073741824
Narrow klass base: 0x0000000800000000, Narrow klass shift: 0, Narrow klass range: 0x100000000

GC Precious Log:
 CPUs: 4 total, 4 available
 Memory: 16101M
 Large Page Support: Disabled
 NUMA Support: Disabled
 Compressed Oops: Enabled (Zero based)
 Heap Region Size: 2M
 Heap Min Capacity: 8M
 Heap Initial Capacity: 252M
 Heap Max Capacity: 4026M
 Pre-touch: Disabled
 Parallel Workers: 4
 Concurrent Workers: 1
 Concurrent Refinement Workers: 4
 Periodic GC: Disabled

Heap:
 garbage-first heap   total 311296K, used 67238K [0x0000000704600000, 0x0000000800000000)
  region size 2048K, 1 young (2048K), 1 survivors (2048K)
 Metaspace       used 71068K, committed 71680K, reserved 1114112K
  class space    used 9821K, committed 10112K, reserved 1048576K

Heap Regions: E=young(eden), S=young(survivor), O=old, HS=humongous(starts), HC=humongous(continues), CS=collection set, F=free, OA=open archive, CA=closed archive, TAMS=top-at-mark-start (previous, next)
|   0|0x0000000704600000, 0x0000000704800000, 0x0000000704800000|100%| O|  |TAMS 0x0000000704800000, 0x0000000704600000| Untracked 
|   1|0x0000000704800000, 0x0000000704a00000, 0x0000000704a00000|100%| O|  |TAMS 0x0000000704a00000, 0x0000000704800000| Untracked 
|   2|0x0000000704a00000, 0x0000000704c00000, 0x0000000704c00000|100%| O|  |TAMS 0x0000000704c00000, 0x0000000704a00000| Untracked 
|   3|0x0000000704c00000, 0x0000000704dcb200, 0x0000000704e00000| 89%| O|  |TAMS 0x0000000704dcb200, 0x0000000704c00000| Untracked 
|   4|0x0000000704e00000, 0x0000000705000000, 0x0000000705000000|100%| O|  |TAMS 0x0000000705000000, 0x0000000704e00000| Untracked 
|   5|0x0000000705000000, 0x0000000705200000, 0x0000000705200000|100%| O|  |TAMS 0x0000000705200000, 0x0000000705000000| Untracked 
|   6|0x0000000705200000, 0x0000000705400000, 0x0000000705400000|100%| O|  |TAMS 0x0000000705400000, 0x0000000705200000| Untracked 
|   7|0x0000000705400000, 0x0000000705600000, 0x0000000705600000|100%| O|  |TAMS 0x0000000705600000, 0x0000000705400000| Untracked 
|   8|0x0000000705600000, 0x0000000705800000, 0x0000000705800000|100%| O|  |TAMS 0x0000000705800000, 0x0000000705600000| Untracked 
|   9|0x0000000705800000, 0x0000000705a00000, 0x0000000705a00000|100%| O|  |TAMS 0x0000000705a00000, 0x0000000705800000| Untracked 
|  10|0x0000000705a00000, 0x0000000705c00000, 0x0000000705c00000|100%| O|  |TAMS 0x0000000705c00000, 0x0000000705a00000| Untracked 
|  11|0x0000000705c00000, 0x0000000705e00000, 0x0000000705e00000|100%| O|  |TAMS 0x0000000705e00000, 0x0000000705c00000| Untracked 
|  12|0x0000000705e00000, 0x0000000706000000, 0x0000000706000000|100%| O|  |TAMS 0x0000000706000000, 0x0000000705e00000| Untracked 
|  13|0x0000000706000000, 0x0000000706200000, 0x0000000706200000|100%| O|  |TAMS 0x0000000706200000, 0x0000000706000000| Untracked 
|  14|0x0000000706200000, 0x0000000706400000, 0x0000000706400000|100%| O|  |TAMS 0x0000000706400000, 0x0000000706200000| Untracked 
|  15|0x0000000706400000, 0x0000000706600000, 0x0000000706600000|100%| O|  |TAMS 0x0000000706600000, 0x0000000706400000| Untracked 
|  16|0x0000000706600000, 0x0000000706800000, 0x0000000706800000|100%| O|  |TAMS 0x0000000706800000, 0x0000000706600000| Untracked 
|  17|0x0000000706800000, 0x0000000706a00000, 0x0000000706a00000|100%| O|  |TAMS 0x0000000706a00000, 0x0000000706800000| Untracked 
|  18|0x0000000706a00000, 0x0000000706b39000, 0x0000000706c00000| 61%| O|  |TAMS 0x0000000706a00000, 0x0000000706a00000| Untracked 
|  19|0x0000000706c00000, 0x0000000706c00000, 0x0000000706e00000|  0%| F|  |TAMS 0x0000000706c00000, 0x0000000706c00000| Untracked 
|  20|0x0000000706e00000, 0x0000000707000000, 0x0000000707000000|100%| O|  |TAMS 0x0000000707000000, 0x0000000706e00000| Untracked 
|  21|0x0000000707000000, 0x0000000707000000, 0x0000000707200000|  0%| F|  |TAMS 0x0000000707000000, 0x0000000707000000| Untracked 
|  22|0x0000000707200000, 0x0000000707200000, 0x0000000707400000|  0%| F|  |TAMS 0x0000000707200000, 0x0000000707200000| Untracked 
|  23|0x0000000707400000, 0x0000000707600000, 0x0000000707600000|100%| O|  |TAMS 0x0000000707400000, 0x0000000707400000| Untracked 
|  24|0x0000000707600000, 0x0000000707600000, 0x0000000707800000|  0%| F|  |TAMS 0x0000000707600000, 0x0000000707600000| Untracked 
|  25|0x0000000707800000, 0x0000000707800000, 0x0000000707a00000|  0%| F|  |TAMS 0x0000000707800000, 0x0000000707800000| Untracked 
|  26|0x0000000707a00000, 0x0000000707a00000, 0x0000000707c00000|  0%| F|  |TAMS 0x0000000707a00000, 0x0000000707a00000| Untracked 
|  27|0x0000000707c00000, 0x0000000707c00000, 0x0000000707e00000|  0%| F|  |TAMS 0x0000000707c00000, 0x0000000707c00000| Untracked 
|  28|0x0000000707e00000, 0x0000000708000000, 0x0000000708000000|100%| O|  |TAMS 0x0000000707e00000, 0x0000000707e00000| Untracked 
|  29|0x0000000708000000, 0x0000000708000000, 0x0000000708200000|  0%| F|  |TAMS 0x0000000708000000, 0x0000000708000000| Untracked 
|  30|0x0000000708200000, 0x0000000708200000, 0x0000000708400000|  0%| F|  |TAMS 0x0000000708200000, 0x0000000708200000| Untracked 
|  31|0x0000000708400000, 0x0000000708600000, 0x0000000708600000|100%| O|  |TAMS 0x0000000708600000, 0x0000000708400000| Untracked 
|  32|0x0000000708600000, 0x0000000708800000, 0x0000000708800000|100%| O|  |TAMS 0x0000000708800000, 0x0000000708600000| Untracked 
|  33|0x0000000708800000, 0x0000000708a00000, 0x0000000708a00000|100%| O|  |TAMS 0x0000000708a00000, 0x0000000708800000| Untracked 
|  34|0x0000000708a00000, 0x0000000708c00000, 0x0000000708c00000|100%| O|  |TAMS 0x0000000708c00000, 0x0000000708a00000| Untracked 
|  35|0x0000000708c00000, 0x0000000708c00000, 0x0000000708e00000|  0%| F|  |TAMS 0x0000000708c00000, 0x0000000708c00000| Untracked 
|  36|0x0000000708e00000, 0x0000000708e00000, 0x0000000709000000|  0%| F|  |TAMS 0x0000000708e00000, 0x0000000708e00000| Untracked 
|  37|0x0000000709000000, 0x0000000709000000, 0x0000000709200000|  0%| F|  |TAMS 0x0000000709000000, 0x0000000709000000| Untracked 
|  38|0x0000000709200000, 0x0000000709200000, 0x0000000709400000|  0%| F|  |TAMS 0x0000000709200000, 0x0000000709200000| Untracked 
|  39|0x0000000709400000, 0x0000000709600000, 0x0000000709600000|100%| O|  |TAMS 0x0000000709600000, 0x0000000709400000| Untracked 
|  40|0x0000000709600000, 0x0000000709800000, 0x0000000709800000|100%| O|  |TAMS 0x000000070965e000, 0x0000000709600000| Untracked 
|  41|0x0000000709800000, 0x0000000709a00000, 0x0000000709a00000|100%| O|  |TAMS 0x0000000709800000, 0x0000000709800000| Untracked 
|  42|0x0000000709a00000, 0x0000000709c00000, 0x0000000709c00000|100%| O|  |TAMS 0x0000000709a00000, 0x0000000709a00000| Untracked 
|  43|0x0000000709c00000, 0x0000000709e00000, 0x0000000709e00000|100%| O|  |TAMS 0x0000000709c00000, 0x0000000709c00000| Untracked 
|  44|0x0000000709e00000, 0x000000070a000000, 0x000000070a000000|100%| O|  |TAMS 0x0000000709e00000, 0x0000000709e00000| Untracked 
|  45|0x000000070a000000, 0x000000070a200000, 0x000000070a200000|100%| O|  |TAMS 0x000000070a000000, 0x000000070a000000| Untracked 
|  46|0x000000070a200000, 0x000000070a200000, 0x000000070a400000|  0%| F|  |TAMS 0x000000070a200000, 0x000000070a200000| Untracked 
|  47|0x000000070a400000, 0x000000070a400000, 0x000000070a600000|  0%| F|  |TAMS 0x000000070a400000, 0x000000070a400000| Untracked 
|  48|0x000000070a600000, 0x000000070a600000, 0x000000070a800000|  0%| F|  |TAMS 0x000000070a600000, 0x000000070a600000| Untracked 
|  49|0x000000070a800000, 0x000000070a800000, 0x000000070aa00000|  0%| F|  |TAMS 0x000000070a800000, 0x000000070a800000| Untracked 
|  50|0x000000070aa00000, 0x000000070aa00000, 0x000000070ac00000|  0%| F|  |TAMS 0x000000070aa00000, 0x000000070aa00000| Untracked 
|  51|0x000000070ac00000, 0x000000070ac00000, 0x000000070ae00000|  0%| F|  |TAMS 0x000000070ac00000, 0x000000070ac00000| Untracked 
|  52|0x000000070ae00000, 0x000000070ae00000, 0x000000070b000000|  0%| F|  |TAMS 0x000000070ae00000, 0x000000070ae00000| Untracked 
|  53|0x000000070b000000, 0x000000070b000000, 0x000000070b200000|  0%| F|  |TAMS 0x000000070b000000, 0x000000070b000000| Untracked 
|  54|0x000000070b200000, 0x000000070b200000, 0x000000070b400000|  0%| F|  |TAMS 0x000000070b200000, 0x000000070b200000| Untracked 
|  55|0x000000070b400000, 0x000000070b400000, 0x000000070b600000|  0%| F|  |TAMS 0x000000070b400000, 0x000000070b400000| Untracked 
|  56|0x000000070b600000, 0x000000070b600000, 0x000000070b800000|  0%| F|  |TAMS 0x000000070b600000, 0x000000070b600000| Untracked 
|  57|0x000000070b800000, 0x000000070b800000, 0x000000070ba00000|  0%| F|  |TAMS 0x000000070b800000, 0x000000070b800000| Untracked 
|  58|0x000000070ba00000, 0x000000070ba00000, 0x000000070bc00000|  0%| F|  |TAMS 0x000000070ba00000, 0x000000070ba00000| Untracked 
|  59|0x000000070bc00000, 0x000000070bc00000, 0x000000070be00000|  0%| F|  |TAMS 0x000000070bc00000, 0x000000070bc00000| Untracked 
|  60|0x000000070be00000, 0x000000070be00000, 0x000000070c000000|  0%| F|  |TAMS 0x000000070be00000, 0x000000070be00000| Untracked 
|  61|0x000000070c000000, 0x000000070c000000, 0x000000070c200000|  0%| F|  |TAMS 0x000000070c000000, 0x000000070c000000| Untracked 
|  62|0x000000070c200000, 0x000000070c200000, 0x000000070c400000|  0%| F|  |TAMS 0x000000070c200000, 0x000000070c200000| Untracked 
|  63|0x000000070c400000, 0x000000070c400000, 0x000000070c600000|  0%| F|  |TAMS 0x000000070c400000, 0x000000070c400000| Untracked 
|  64|0x000000070c600000, 0x000000070c600000, 0x000000070c800000|  0%| F|  |TAMS 0x000000070c600000, 0x000000070c600000| Untracked 
|  65|0x000000070c800000, 0x000000070c800000, 0x000000070ca00000|  0%| F|  |TAMS 0x000000070c800000, 0x000000070c800000| Untracked 
|  66|0x000000070ca00000, 0x000000070ca00000, 0x000000070cc00000|  0%| F|  |TAMS 0x000000070ca00000, 0x000000070ca00000| Untracked 
|  67|0x000000070cc00000, 0x000000070cc00000, 0x000000070ce00000|  0%| F|  |TAMS 0x000000070cc00000, 0x000000070cc00000| Untracked 
|  68|0x000000070ce00000, 0x000000070ce00000, 0x000000070d000000|  0%| F|  |TAMS 0x000000070ce00000, 0x000000070ce00000| Untracked 
|  69|0x000000070d000000, 0x000000070d000000, 0x000000070d200000|  0%| F|  |TAMS 0x000000070d000000, 0x000000070d000000| Untracked 
|  70|0x000000070d200000, 0x000000070d200000, 0x000000070d400000|  0%| F|  |TAMS 0x000000070d200000, 0x000000070d200000| Untracked 
|  71|0x000000070d400000, 0x000000070d400000, 0x000000070d600000|  0%| F|  |TAMS 0x000000070d400000, 0x000000070d400000| Untracked 
|  72|0x000000070d600000, 0x000000070d600000, 0x000000070d800000|  0%| F|  |TAMS 0x000000070d600000, 0x000000070d600000| Untracked 
|  73|0x000000070d800000, 0x000000070d800000, 0x000000070da00000|  0%| F|  |TAMS 0x000000070d800000, 0x000000070d800000| Untracked 
|  74|0x000000070da00000, 0x000000070da00000, 0x000000070dc00000|  0%| F|  |TAMS 0x000000070da00000, 0x000000070da00000| Untracked 
|  75|0x000000070dc00000, 0x000000070dc00000, 0x000000070de00000|  0%| F|  |TAMS 0x000000070dc00000, 0x000000070dc00000| Untracked 
|  76|0x000000070de00000, 0x000000070de00000, 0x000000070e000000|  0%| F|  |TAMS 0x000000070de00000, 0x000000070de00000| Untracked 
|  77|0x000000070e000000, 0x000000070e000000, 0x000000070e200000|  0%| F|  |TAMS 0x000000070e000000, 0x000000070e000000| Untracked 
|  78|0x000000070e200000, 0x000000070e200000, 0x000000070e400000|  0%| F|  |TAMS 0x000000070e200000, 0x000000070e200000| Untracked 
|  79|0x000000070e400000, 0x000000070e400000, 0x000000070e600000|  0%| F|  |TAMS 0x000000070e400000, 0x000000070e400000| Untracked 
|  80|0x000000070e600000, 0x000000070e600000, 0x000000070e800000|  0%| F|  |TAMS 0x000000070e600000, 0x000000070e600000| Untracked 
|  81|0x000000070e800000, 0x000000070e800000, 0x000000070ea00000|  0%| F|  |TAMS 0x000000070e800000, 0x000000070e800000| Untracked 
|  82|0x000000070ea00000, 0x000000070ea00000, 0x000000070ec00000|  0%| F|  |TAMS 0x000000070ea00000, 0x000000070ea00000| Untracked 
|  83|0x000000070ec00000, 0x000000070ec00000, 0x000000070ee00000|  0%| F|  |TAMS 0x000000070ec00000, 0x000000070ec00000| Untracked 
|  84|0x000000070ee00000, 0x000000070ee00000, 0x000000070f000000|  0%| F|  |TAMS 0x000000070ee00000, 0x000000070ee00000| Untracked 
|  85|0x000000070f000000, 0x000000070f000000, 0x000000070f200000|  0%| F|  |TAMS 0x000000070f000000, 0x000000070f000000| Untracked 
|  86|0x000000070f200000, 0x000000070f200000, 0x000000070f400000|  0%| F|  |TAMS 0x000000070f200000, 0x000000070f200000| Untracked 
|  87|0x000000070f400000, 0x000000070f400000, 0x000000070f600000|  0%| F|  |TAMS 0x000000070f400000, 0x000000070f400000| Untracked 
|  88|0x000000070f600000, 0x000000070f600000, 0x000000070f800000|  0%| F|  |TAMS 0x000000070f600000, 0x000000070f600000| Untracked 
|  89|0x000000070f800000, 0x000000070f800000, 0x000000070fa00000|  0%| F|  |TAMS 0x000000070f800000, 0x000000070f800000| Untracked 
|  90|0x000000070fa00000, 0x000000070fa00000, 0x000000070fc00000|  0%| F|  |TAMS 0x000000070fa00000, 0x000000070fa00000| Untracked 
|  91|0x000000070fc00000, 0x000000070fc00000, 0x000000070fe00000|  0%| F|  |TAMS 0x000000070fc00000, 0x000000070fc00000| Untracked 
|  92|0x000000070fe00000, 0x000000070fe00000, 0x0000000710000000|  0%| F|  |TAMS 0x000000070fe00000, 0x000000070fe00000| Untracked 
|  93|0x0000000710000000, 0x0000000710000000, 0x0000000710200000|  0%| F|  |TAMS 0x0000000710000000, 0x0000000710000000| Untracked 
|  94|0x0000000710200000, 0x0000000710200000, 0x0000000710400000|  0%| F|  |TAMS 0x0000000710200000, 0x0000000710200000| Untracked 
|  95|0x0000000710400000, 0x0000000710400000, 0x0000000710600000|  0%| F|  |TAMS 0x0000000710400000, 0x0000000710400000| Untracked 
|  96|0x0000000710600000, 0x0000000710600000, 0x0000000710800000|  0%| F|  |TAMS 0x0000000710600000, 0x0000000710600000| Untracked 
|  97|0x0000000710800000, 0x0000000710800000, 0x0000000710a00000|  0%| F|  |TAMS 0x0000000710800000, 0x0000000710800000| Untracked 
|  98|0x0000000710a00000, 0x0000000710a00000, 0x0000000710c00000|  0%| F|  |TAMS 0x0000000710a00000, 0x0000000710a00000| Untracked 
|  99|0x0000000710c00000, 0x0000000710c00000, 0x0000000710e00000|  0%| F|  |TAMS 0x0000000710c00000, 0x0000000710c00000| Untracked 
| 100|0x0000000710e00000, 0x0000000710e00000, 0x0000000711000000|  0%| F|  |TAMS 0x0000000710e00000, 0x0000000710e00000| Untracked 
| 101|0x0000000711000000, 0x0000000711000000, 0x0000000711200000|  0%| F|  |TAMS 0x0000000711000000, 0x0000000711000000| Untracked 
| 102|0x0000000711200000, 0x0000000711200000, 0x0000000711400000|  0%| F|  |TAMS 0x0000000711200000, 0x0000000711200000| Untracked 
| 103|0x0000000711400000, 0x0000000711400000, 0x0000000711600000|  0%| F|  |TAMS 0x0000000711400000, 0x0000000711400000| Untracked 
| 104|0x0000000711600000, 0x0000000711600000, 0x0000000711800000|  0%| F|  |TAMS 0x0000000711600000, 0x0000000711600000| Untracked 
| 105|0x0000000711800000, 0x0000000711800000, 0x0000000711a00000|  0%| F|  |TAMS 0x0000000711800000, 0x0000000711800000| Untracked 
| 106|0x0000000711a00000, 0x0000000711a00000, 0x0000000711c00000|  0%| F|  |TAMS 0x0000000711a00000, 0x0000000711a00000| Untracked 
| 107|0x0000000711c00000, 0x0000000711c00000, 0x0000000711e00000|  0%| F|  |TAMS 0x0000000711c00000, 0x0000000711c00000| Untracked 
| 108|0x0000000711e00000, 0x0000000711e00000, 0x0000000712000000|  0%| F|  |TAMS 0x0000000711e00000, 0x0000000711e00000| Untracked 
| 109|0x0000000712000000, 0x0000000712000000, 0x0000000712200000|  0%| F|  |TAMS 0x0000000712000000, 0x0000000712000000| Untracked 
| 110|0x0000000712200000, 0x0000000712200000, 0x0000000712400000|  0%| F|  |TAMS 0x0000000712200000, 0x0000000712200000| Untracked 
| 111|0x0000000712400000, 0x0000000712400000, 0x0000000712600000|  0%| F|  |TAMS 0x0000000712400000, 0x0000000712400000| Untracked 
| 112|0x0000000712600000, 0x0000000712600000, 0x0000000712800000|  0%| F|  |TAMS 0x0000000712600000, 0x0000000712600000| Untracked 
| 113|0x0000000712800000, 0x0000000712800000, 0x0000000712a00000|  0%| F|  |TAMS 0x0000000712800000, 0x0000000712800000| Untracked 
| 114|0x0000000712a00000, 0x0000000712a00000, 0x0000000712c00000|  0%| F|  |TAMS 0x0000000712a00000, 0x0000000712a00000| Untracked 
| 115|0x0000000712c00000, 0x0000000712c00000, 0x0000000712e00000|  0%| F|  |TAMS 0x0000000712c00000, 0x0000000712c00000| Untracked 
| 116|0x0000000712e00000, 0x0000000712e00000, 0x0000000713000000|  0%| F|  |TAMS 0x0000000712e00000, 0x0000000712e00000| Untracked 
| 117|0x0000000713000000, 0x00000007130a5910, 0x0000000713200000| 32%| S|CS|TAMS 0x0000000713000000, 0x0000000713000000| Complete 
| 118|0x0000000713200000, 0x0000000713200000, 0x0000000713400000|  0%| F|  |TAMS 0x0000000713200000, 0x0000000713200000| Untracked 
| 119|0x0000000713400000, 0x0000000713400000, 0x0000000713600000|  0%| F|  |TAMS 0x0000000713400000, 0x0000000713400000| Untracked 
| 120|0x0000000713600000, 0x0000000713600000, 0x0000000713800000|  0%| F|  |TAMS 0x0000000713600000, 0x0000000713600000| Untracked 
| 121|0x0000000713800000, 0x0000000713800000, 0x0000000713a00000|  0%| F|  |TAMS 0x0000000713800000, 0x0000000713800000| Untracked 
| 122|0x0000000713a00000, 0x0000000713a00000, 0x0000000713c00000|  0%| F|  |TAMS 0x0000000713a00000, 0x0000000713a00000| Untracked 
| 123|0x0000000713c00000, 0x0000000713c00000, 0x0000000713e00000|  0%| F|  |TAMS 0x0000000713c00000, 0x0000000713c00000| Untracked 
| 124|0x0000000713e00000, 0x0000000713e00000, 0x0000000714000000|  0%| F|  |TAMS 0x0000000713e00000, 0x0000000713e00000| Untracked 
| 125|0x0000000714000000, 0x0000000714000000, 0x0000000714200000|  0%| F|  |TAMS 0x0000000714000000, 0x0000000714000000| Untracked 
| 126|0x0000000714200000, 0x0000000714200000, 0x0000000714400000|  0%| F|  |TAMS 0x0000000714200000, 0x0000000714200000| Untracked 
| 127|0x0000000714400000, 0x0000000714400000, 0x0000000714600000|  0%| F|  |TAMS 0x0000000714400000, 0x0000000714400000| Untracked 
| 128|0x0000000714600000, 0x0000000714600000, 0x0000000714800000|  0%| F|  |TAMS 0x0000000714600000, 0x0000000714600000| Untracked 
| 129|0x0000000714800000, 0x0000000714800000, 0x0000000714a00000|  0%| F|  |TAMS 0x0000000714800000, 0x0000000714800000| Untracked 
| 130|0x0000000714a00000, 0x0000000714a00000, 0x0000000714c00000|  0%| F|  |TAMS 0x0000000714a00000, 0x0000000714a00000| Untracked 
| 131|0x0000000714c00000, 0x0000000714c00000, 0x0000000714e00000|  0%| F|  |TAMS 0x0000000714c00000, 0x0000000714c00000| Untracked 
| 132|0x0000000714e00000, 0x0000000714e00000, 0x0000000715000000|  0%| F|  |TAMS 0x0000000714e00000, 0x0000000714e00000| Untracked 
| 133|0x0000000715000000, 0x0000000715000000, 0x0000000715200000|  0%| F|  |TAMS 0x0000000715000000, 0x0000000715000000| Untracked 
| 134|0x0000000715200000, 0x0000000715200000, 0x0000000715400000|  0%| F|  |TAMS 0x0000000715200000, 0x0000000715200000| Untracked 
| 135|0x0000000715400000, 0x0000000715400000, 0x0000000715600000|  0%| F|  |TAMS 0x0000000715400000, 0x0000000715400000| Untracked 
| 136|0x0000000715600000, 0x0000000715600000, 0x0000000715800000|  0%| F|  |TAMS 0x0000000715600000, 0x0000000715600000| Untracked 
| 137|0x0000000715800000, 0x0000000715800000, 0x0000000715a00000|  0%| F|  |TAMS 0x0000000715800000, 0x0000000715800000| Untracked 
| 138|0x0000000715a00000, 0x0000000715a00000, 0x0000000715c00000|  0%| F|  |TAMS 0x0000000715a00000, 0x0000000715a00000| Untracked 
| 139|0x0000000715c00000, 0x0000000715c00000, 0x0000000715e00000|  0%| F|  |TAMS 0x0000000715c00000, 0x0000000715c00000| Untracked 
| 140|0x0000000715e00000, 0x0000000715e00000, 0x0000000716000000|  0%| F|  |TAMS 0x0000000715e00000, 0x0000000715e00000| Untracked 
| 141|0x0000000716000000, 0x0000000716000000, 0x0000000716200000|  0%| F|  |TAMS 0x0000000716000000, 0x0000000716000000| Untracked 
| 142|0x0000000716200000, 0x0000000716200000, 0x0000000716400000|  0%| F|  |TAMS 0x0000000716200000, 0x0000000716200000| Untracked 
| 143|0x0000000716400000, 0x0000000716400000, 0x0000000716600000|  0%| F|  |TAMS 0x0000000716400000, 0x0000000716400000| Untracked 
| 144|0x0000000716600000, 0x0000000716600000, 0x0000000716800000|  0%| F|  |TAMS 0x0000000716600000, 0x0000000716600000| Untracked 
| 145|0x0000000716800000, 0x0000000716800000, 0x0000000716a00000|  0%| F|  |TAMS 0x0000000716800000, 0x0000000716800000| Untracked 
| 146|0x0000000716a00000, 0x0000000716a00000, 0x0000000716c00000|  0%| F|  |TAMS 0x0000000716a00000, 0x0000000716a00000| Untracked 
| 147|0x0000000716c00000, 0x0000000716c00000, 0x0000000716e00000|  0%| F|  |TAMS 0x0000000716c00000, 0x0000000716c00000| Untracked 
| 148|0x0000000716e00000, 0x0000000716e00000, 0x0000000717000000|  0%| F|  |TAMS 0x0000000716e00000, 0x0000000716e00000| Untracked 
| 149|0x0000000717000000, 0x0000000717000000, 0x0000000717200000|  0%| F|  |TAMS 0x0000000717000000, 0x0000000717000000| Untracked 
| 150|0x0000000717200000, 0x0000000717200000, 0x0000000717400000|  0%| F|  |TAMS 0x0000000717200000, 0x0000000717200000| Untracked 
| 151|0x0000000717400000, 0x0000000717400000, 0x0000000717600000|  0%| F|  |TAMS 0x0000000717400000, 0x0000000717400000| Untracked 

Card table byte_map: [0x000001d1c1c10000,0x000001d1c23f0000] _byte_map_base: 0x000001d1be3ed000

Marking Bits (Prev, Next): (CMBitMap*) 0x000001d1b6c674b0, (CMBitMap*) 0x000001d1b6c67470
 Prev Bits: [0x000001d1c6ac0000, 0x000001d1ca9a8000)
 Next Bits: [0x000001d1c2bd0000, 0x000001d1c6ab8000)

Polling page: 0x000001d1b4a80000

Metaspace:

Usage:
  Non-class:     59.81 MB used.
      Class:      9.59 MB used.
       Both:     69.40 MB used.

Virtual space:
  Non-class space:       64.00 MB reserved,      60.12 MB ( 94%) committed,  8 nodes.
      Class space:        1.00 GB reserved,       9.88 MB ( <1%) committed,  1 nodes.
             Both:        1.06 GB reserved,      70.00 MB (  6%) committed. 

Chunk freelists:
   Non-Class:  3.86 MB
       Class:  1.95 MB
        Both:  5.81 MB

MaxMetaspaceSize: unlimited
CompressedClassSpaceSize: 1.00 GB
Initial GC threshold: 21.00 MB
Current GC threshold: 102.12 MB
CDS: on
MetaspaceReclaimPolicy: balanced
 - commit_granule_bytes: 65536.
 - commit_granule_words: 8192.
 - virtual_space_node_default_size: 1048576.
 - enlarge_chunks_in_place: 1.
 - new_chunks_are_fully_committed: 0.
 - uncommit_free_chunks: 1.
 - use_allocation_guard: 0.
 - handle_deallocations: 1.


Internal statistics:

num_allocs_failed_limit: 9.
num_arena_births: 802.
num_arena_deaths: 12.
num_vsnodes_births: 9.
num_vsnodes_deaths: 0.
num_space_committed: 1120.
num_space_uncommitted: 0.
num_chunks_returned_to_freelist: 27.
num_chunks_taken_from_freelist: 3515.
num_chunk_merges: 9.
num_chunk_splits: 2420.
num_chunks_enlarged: 1789.
num_purges: 2.
num_inconsistent_stats: 0.

CodeCache: size=49152Kb used=14557Kb max_used=14873Kb free=34594Kb
 bounds [0x000001d1be430000, 0x000001d1bf2c0000, 0x000001d1c1430000]
 total_blobs=8129 nmethods=7435 adapters=618
 compilation: enabled
              stopped_count=0, restarted_count=0
 full_count=0

Compilation events (20 events):
Event: 13.063 Thread 0x000001d1ce27b450 7522       1       java.lang.Thread::isDaemon (5 bytes)
Event: 13.063 Thread 0x000001d1ce27b450 nmethod 7522 0x000001d1bf2b6390 code [0x000001d1bf2b6520, 0x000001d1bf2b65f8]
Event: 13.071 Thread 0x000001d1ce27b450 7523       1       org.springframework.context.event.GenericApplicationListenerAdapter::resolveDeclaredEventType (57 bytes)
Event: 13.072 Thread 0x000001d1ce27b450 nmethod 7523 0x000001d1be8b0290 code [0x000001d1be8b0460, 0x000001d1be8b0768]
Event: 13.093 Thread 0x000001d1ce27b450 7524       1       org.apache.kafka.common.protocol.types.Field::<init> (44 bytes)
Event: 13.093 Thread 0x000001d1ccc78120 7525       1       org.apache.kafka.common.protocol.types.BoundField::<init> (20 bytes)
Event: 13.093 Thread 0x000001d1ccc78120 nmethod 7525 0x000001d1be67c010 code [0x000001d1be67c1a0, 0x000001d1be67c318]
Event: 13.094 Thread 0x000001d1ce27b450 nmethod 7524 0x000001d1be6ec490 code [0x000001d1be6ec640, 0x000001d1be6ec8c8]
Event: 13.097 Thread 0x000001d1cccb02e0 7526       1       org.apache.kafka.common.protocol.types.Field::<init> (10 bytes)
Event: 13.097 Thread 0x000001d1cccb02e0 nmethod 7526 0x000001d1be52b790 code [0x000001d1be52b920, 0x000001d1be52ba08]
Event: 13.121 Thread 0x000001d1cccb02e0 7527       1       org.apache.kafka.common.protocol.types.Type::<init> (5 bytes)
Event: 13.121 Thread 0x000001d1cccb02e0 nmethod 7527 0x000001d1be62f390 code [0x000001d1be62f520, 0x000001d1be62f5d8]
Event: 13.145 Thread 0x000001d1cccb02e0 7528       1       org.apache.kafka.common.protocol.types.Type$DocumentedType::<init> (5 bytes)
Event: 13.145 Thread 0x000001d1cccb02e0 nmethod 7528 0x000001d1be63f510 code [0x000001d1be63f6a0, 0x000001d1be63f758]
Event: 13.172 Thread 0x000001d1cccb02e0 7529       1       org.apache.kafka.common.protocol.types.Schema::<init> (7 bytes)
Event: 13.172 Thread 0x000001d1ccc78120 7530       1       org.apache.kafka.common.protocol.types.Schema::<init> (165 bytes)
Event: 13.172 Thread 0x000001d1cccb02e0 nmethod 7529 0x000001d1be65d090 code [0x000001d1be65d220, 0x000001d1be65d308]
Event: 13.173 Thread 0x000001d1ccc78120 nmethod 7530 0x000001d1be636a10 code [0x000001d1be636c60, 0x000001d1be637648]
Event: 13.194 Thread 0x000001d1cccb02e0 7531       1       java.net.NetworkInterface$1::nextElement (37 bytes)
Event: 13.194 Thread 0x000001d1cccb02e0 nmethod 7531 0x000001d1be5ede90 code [0x000001d1be5ee040, 0x000001d1be5ee1e8]

GC Heap History (20 events):
Event: 9.111 GC heap after
{Heap after GC invocations=19 (full 0):
 garbage-first heap   total 102400K, used 39523K [0x0000000704600000, 0x0000000800000000)
  region size 2048K, 3 young (6144K), 3 survivors (6144K)
 Metaspace       used 59955K, committed 60480K, reserved 1105920K
  class space    used 8479K, committed 8768K, reserved 1048576K
}
Event: 9.467 GC heap before
{Heap before GC invocations=20 (full 0):
 garbage-first heap   total 102400K, used 78435K [0x0000000704600000, 0x0000000800000000)
  region size 2048K, 23 young (47104K), 3 survivors (6144K)
 Metaspace       used 60049K, committed 60608K, reserved 1105920K
  class space    used 8499K, committed 8768K, reserved 1048576K
}
Event: 9.482 GC heap after
{Heap after GC invocations=21 (full 0):
 garbage-first heap   total 102400K, used 46494K [0x0000000704600000, 0x0000000800000000)
  region size 2048K, 3 young (6144K), 3 survivors (6144K)
 Metaspace       used 60049K, committed 60608K, reserved 1105920K
  class space    used 8499K, committed 8768K, reserved 1048576K
}
Event: 9.765 GC heap before
{Heap before GC invocations=21 (full 0):
 garbage-first heap   total 102400K, used 77214K [0x0000000704600000, 0x0000000800000000)
  region size 2048K, 19 young (38912K), 3 survivors (6144K)
 Metaspace       used 60104K, committed 60608K, reserved 1105920K
  class space    used 8513K, committed 8768K, reserved 1048576K
}
Event: 9.783 GC heap after
{Heap after GC invocations=22 (full 0):
 garbage-first heap   total 102400K, used 55600K [0x0000000704600000, 0x0000000800000000)
  region size 2048K, 3 young (6144K), 3 survivors (6144K)
 Metaspace       used 60104K, committed 60608K, reserved 1105920K
  class space    used 8513K, committed 8768K, reserved 1048576K
}
Event: 9.865 GC heap before
{Heap before GC invocations=22 (full 0):
 garbage-first heap   total 102400K, used 76080K [0x0000000704600000, 0x0000000800000000)
  region size 2048K, 14 young (28672K), 3 survivors (6144K)
 Metaspace       used 60104K, committed 60608K, reserved 1105920K
  class space    used 8513K, committed 8768K, reserved 1048576K
}
Event: 9.876 GC heap after
{Heap after GC invocations=23 (full 0):
 garbage-first heap   total 102400K, used 61228K [0x0000000704600000, 0x0000000800000000)
  region size 2048K, 2 young (4096K), 2 survivors (4096K)
 Metaspace       used 60104K, committed 60608K, reserved 1105920K
  class space    used 8513K, committed 8768K, reserved 1048576K
}
Event: 10.027 GC heap before
{Heap before GC invocations=23 (full 0):
 garbage-first heap   total 102400K, used 77612K [0x0000000704600000, 0x0000000800000000)
  region size 2048K, 11 young (22528K), 2 survivors (4096K)
 Metaspace       used 60104K, committed 60608K, reserved 1105920K
  class space    used 8513K, committed 8768K, reserved 1048576K
}
Event: 10.034 GC heap after
{Heap after GC invocations=24 (full 0):
 garbage-first heap   total 178176K, used 65324K [0x0000000704600000, 0x0000000800000000)
  region size 2048K, 2 young (4096K), 2 survivors (4096K)
 Metaspace       used 60104K, committed 60608K, reserved 1105920K
  class space    used 8513K, committed 8768K, reserved 1048576K
}
Event: 10.950 GC heap before
{Heap before GC invocations=25 (full 0):
 garbage-first heap   total 178176K, used 128812K [0x0000000704600000, 0x0000000800000000)
  region size 2048K, 34 young (69632K), 2 survivors (4096K)
 Metaspace       used 60084K, committed 60608K, reserved 1105920K
  class space    used 8510K, committed 8768K, reserved 1048576K
}
Event: 10.970 GC heap after
{Heap after GC invocations=26 (full 0):
 garbage-first heap   total 178176K, used 80551K [0x0000000704600000, 0x0000000800000000)
  region size 2048K, 5 young (10240K), 5 survivors (10240K)
 Metaspace       used 60084K, committed 60608K, reserved 1105920K
  class space    used 8510K, committed 8768K, reserved 1048576K
}
Event: 10.980 GC heap before
{Heap before GC invocations=26 (full 0):
 garbage-first heap   total 178176K, used 82599K [0x0000000704600000, 0x0000000800000000)
  region size 2048K, 6 young (12288K), 5 survivors (10240K)
 Metaspace       used 60084K, committed 60608K, reserved 1105920K
  class space    used 8510K, committed 8768K, reserved 1048576K
}
Event: 10.993 GC heap after
{Heap after GC invocations=27 (full 0):
 garbage-first heap   total 178176K, used 81764K [0x0000000704600000, 0x0000000800000000)
  region size 2048K, 1 young (2048K), 1 survivors (2048K)
 Metaspace       used 60084K, committed 60608K, reserved 1105920K
  class space    used 8510K, committed 8768K, reserved 1048576K
}
Event: 11.900 GC heap before
{Heap before GC invocations=27 (full 0):
 garbage-first heap   total 178176K, used 128868K [0x0000000704600000, 0x0000000800000000)
  region size 2048K, 25 young (51200K), 1 survivors (2048K)
 Metaspace       used 61670K, committed 62208K, reserved 1105920K
  class space    used 8770K, committed 9024K, reserved 1048576K
}
Event: 11.915 GC heap after
{Heap after GC invocations=28 (full 0):
 garbage-first heap   total 178176K, used 90921K [0x0000000704600000, 0x0000000800000000)
  region size 2048K, 4 young (8192K), 4 survivors (8192K)
 Metaspace       used 61670K, committed 62208K, reserved 1105920K
  class space    used 8770K, committed 9024K, reserved 1048576K
}
Event: 13.028 GC heap before
{Heap before GC invocations=29 (full 0):
 garbage-first heap   total 178176K, used 129833K [0x0000000704600000, 0x0000000800000000)
  region size 2048K, 25 young (51200K), 4 survivors (8192K)
 Metaspace       used 68939K, committed 69568K, reserved 1114112K
  class space    used 9679K, committed 9984K, reserved 1048576K
}
Event: 13.044 GC heap after
{Heap after GC invocations=30 (full 0):
 garbage-first heap   total 178176K, used 91704K [0x0000000704600000, 0x0000000800000000)
  region size 2048K, 3 young (6144K), 3 survivors (6144K)
 Metaspace       used 68939K, committed 69568K, reserved 1114112K
  class space    used 9679K, committed 9984K, reserved 1048576K
}
Event: 13.098 GC heap before
{Heap before GC invocations=30 (full 0):
 garbage-first heap   total 178176K, used 91704K [0x0000000704600000, 0x0000000800000000)
  region size 2048K, 4 young (8192K), 3 survivors (6144K)
 Metaspace       used 69423K, committed 70016K, reserved 1114112K
  class space    used 9718K, committed 9984K, reserved 1048576K
}
Event: 13.109 GC heap after
{Heap after GC invocations=31 (full 0):
 garbage-first heap   total 178176K, used 74746K [0x0000000704600000, 0x0000000800000000)
  region size 2048K, 1 young (2048K), 1 survivors (2048K)
 Metaspace       used 69423K, committed 70016K, reserved 1114112K
  class space    used 9718K, committed 9984K, reserved 1048576K
}
Event: 13.250 GC heap before
{Heap before GC invocations=31 (full 0):
 garbage-first heap   total 178176K, used 80890K [0x0000000704600000, 0x0000000800000000)
  region size 2048K, 4 young (8192K), 1 survivors (2048K)
 Metaspace       used 71068K, committed 71680K, reserved 1114112K
  class space    used 9821K, committed 10112K, reserved 1048576K
}

Deoptimization events (20 events):
Event: 4.371 Thread 0x000001d1d5fc10d0 DEOPT PACKING pc=0x000001d1bed2ea3c sp=0x00000075a95fd090
Event: 4.371 Thread 0x000001d1d5fc10d0 DEOPT UNPACKING pc=0x000001d1be482b43 sp=0x00000075a95fc510 mode 3
Event: 4.387 Thread 0x000001d1d5fc10d0 DEOPT PACKING pc=0x000001d1bed390e3 sp=0x00000075a95fce30
Event: 4.387 Thread 0x000001d1d5fc10d0 DEOPT UNPACKING pc=0x000001d1be482b43 sp=0x00000075a95fc2c0 mode 3
Event: 4.864 Thread 0x000001d1d8b96a00 DEOPT PACKING pc=0x000001d1be8c2c9f sp=0x00000075a9afeb70
Event: 4.864 Thread 0x000001d1d8b96a00 DEOPT UNPACKING pc=0x000001d1be482b43 sp=0x00000075a9afdfc8 mode 3
Event: 5.270 Thread 0x000001d1d5fc10d0 DEOPT PACKING pc=0x000001d1bed90755 sp=0x00000075a95fcb70
Event: 5.270 Thread 0x000001d1d5fc10d0 DEOPT UNPACKING pc=0x000001d1be482b43 sp=0x00000075a95fc0d0 mode 3
Event: 7.499 Thread 0x000001d1d5fc10d0 DEOPT PACKING pc=0x000001d1bef41679 sp=0x00000075a95fc350
Event: 7.499 Thread 0x000001d1d5fc10d0 DEOPT UNPACKING pc=0x000001d1be482b43 sp=0x00000075a95fb830 mode 3
Event: 7.985 Thread 0x000001d1d5fc10d0 DEOPT PACKING pc=0x000001d1bef98f5c sp=0x00000075a95f8cd0
Event: 7.985 Thread 0x000001d1d5fc10d0 DEOPT UNPACKING pc=0x000001d1be482b43 sp=0x00000075a95f8278 mode 0
Event: 8.288 Thread 0x000001d1d5fc10d0 DEOPT PACKING pc=0x000001d1be9d3e62 sp=0x00000075a95fb9a0
Event: 8.288 Thread 0x000001d1d5fc10d0 DEOPT UNPACKING pc=0x000001d1be482b43 sp=0x00000075a95faea8 mode 3
Event: 9.145 Thread 0x000001d1d5fc10d0 DEOPT PACKING pc=0x000001d1bf0b2413 sp=0x00000075a95fc150
Event: 9.145 Thread 0x000001d1d5fc10d0 DEOPT UNPACKING pc=0x000001d1be482b43 sp=0x00000075a95fb698 mode 3
Event: 13.000 Thread 0x000001d1d8b96530 DEOPT PACKING pc=0x000001d1bee0f25c sp=0x00000075aa3fed90
Event: 13.000 Thread 0x000001d1d8b96530 DEOPT UNPACKING pc=0x000001d1be482b43 sp=0x00000075aa3fe2b8 mode 0
Event: 13.005 Thread 0x000001d1d8b99550 DEOPT PACKING pc=0x000001d1bee0f25c sp=0x00000075aa6fdc00
Event: 13.005 Thread 0x000001d1d8b99550 DEOPT UNPACKING pc=0x000001d1be482b43 sp=0x00000075aa6fd128 mode 0

Classes unloaded (6 events):
Event: 10.065 Thread 0x000001d1ccc87080 Unloading class 0x00000008013ec000 'jdk/internal/reflect/GeneratedSerializationConstructorAccessor29'
Event: 10.065 Thread 0x000001d1ccc87080 Unloading class 0x00000008013e5000 'jdk/internal/reflect/GeneratedSerializationConstructorAccessor28'
Event: 10.065 Thread 0x000001d1ccc87080 Unloading class 0x00000008013e4400 'jdk/internal/reflect/GeneratedSerializationConstructorAccessor27'
Event: 10.065 Thread 0x000001d1ccc87080 Unloading class 0x00000008013dec00 'jdk/internal/reflect/GeneratedSerializationConstructorAccessor26'
Event: 10.065 Thread 0x000001d1ccc87080 Unloading class 0x0000000801395400 'jdk/internal/reflect/GeneratedSerializationConstructorAccessor24'
Event: 10.065 Thread 0x000001d1ccc87080 Unloading class 0x000000080135c400 'jdk/internal/reflect/GeneratedSerializationConstructorAccessor23'

Classes redefined (0 events):
No events

Internal exceptions (20 events):
Event: 12.028 Thread 0x000001d1d5fc10d0 Exception <a 'java/lang/ClassNotFoundException'{0x00000007134f84a0}: java/lang/ObjectCustomizer> (0x00000007134f84a0) 
thrown [t:\workspace\open\src\hotspot\share\classfile\systemDictionary.cpp, line 256]
Event: 12.029 Thread 0x000001d1d5fc10d0 Exception <a 'java/lang/ClassNotFoundException'{0x00000007135055b8}: org/springframework/cloud/context/scope/GenericScopeCustomizer> (0x00000007135055b8) 
thrown [t:\workspace\open\src\hotspot\share\classfile\systemDictionary.cpp, line 256]
Event: 12.031 Thread 0x000001d1d5fc10d0 Exception <a 'java/lang/ClassNotFoundException'{0x000000071351a8b8}: org/springframework/beans/factory/config/ScopeCustomizer> (0x000000071351a8b8) 
thrown [t:\workspace\open\src\hotspot\share\classfile\systemDictionary.cpp, line 256]
Event: 12.032 Thread 0x000001d1d5fc10d0 Exception <a 'java/lang/ClassNotFoundException'{0x0000000713527330}: org/springframework/beans/factory/config/BeanFactoryPostProcessorCustomizer> (0x0000000713527330) 
thrown [t:\workspace\open\src\hotspot\share\classfile\systemDictionary.cpp, line 256]
Event: 12.033 Thread 0x000001d1d5fc10d0 Exception <a 'java/lang/ClassNotFoundException'{0x0000000713532b38}: org/springframework/beans/factory/support/BeanDefinitionRegistryPostProcessorCustomizer> (0x0000000713532b38) 
thrown [t:\workspace\open\src\hotspot\share\classfile\systemDictionary.cpp, line 256]
Event: 12.034 Thread 0x000001d1d5fc10d0 Exception <a 'java/lang/ClassNotFoundException'{0x000000071353dca0}: org/springframework/beans/factory/config/BeanFactoryPostProcessorCustomizer> (0x000000071353dca0) 
thrown [t:\workspace\open\src\hotspot\share\classfile\systemDictionary.cpp, line 256]
Event: 12.035 Thread 0x000001d1d5fc10d0 Exception <a 'java/lang/ClassNotFoundException'{0x0000000713548478}: org/springframework/beans/factory/DisposableBeanCustomizer> (0x0000000713548478) 
thrown [t:\workspace\open\src\hotspot\share\classfile\systemDictionary.cpp, line 256]
Event: 12.038 Thread 0x000001d1d5fc10d0 Exception <a 'java/lang/ClassNotFoundException'{0x000000071355ab08}: java/lang/ObjectCustomizer> (0x000000071355ab08) 
thrown [t:\workspace\open\src\hotspot\share\classfile\systemDictionary.cpp, line 256]
Event: 12.040 Thread 0x000001d1d5fc10d0 Exception <a 'java/lang/ClassNotFoundException'{0x0000000713568900}: org/springframework/cloud/context/properties/ConfigurationPropertiesRebinderCustomizer> (0x0000000713568900) 
thrown [t:\workspace\open\src\hotspot\share\classfile\systemDictionary.cpp, line 256]
Event: 12.041 Thread 0x000001d1d5fc10d0 Exception <a 'java/lang/ClassNotFoundException'{0x000000071357f138}: org/springframework/context/ApplicationContextAwareCustomizer> (0x000000071357f138) 
thrown [t:\workspace\open\src\hotspot\share\classfile\systemDictionary.cpp, line 256]
Event: 12.042 Thread 0x000001d1d5fc10d0 Exception <a 'java/lang/ClassNotFoundException'{0x0000000713589dc0}: org/springframework/beans/factory/AwareCustomizer> (0x0000000713589dc0) 
thrown [t:\workspace\open\src\hotspot\share\classfile\systemDictionary.cpp, line 256]
Event: 12.043 Thread 0x000001d1d5fc10d0 Exception <a 'java/lang/ClassNotFoundException'{0x0000000713593960}: org/springframework/context/ApplicationListenerCustomizer> (0x0000000713593960) 
thrown [t:\workspace\open\src\hotspot\share\classfile\systemDictionary.cpp, line 256]
Event: 12.044 Thread 0x000001d1d5fc10d0 Exception <a 'java/lang/ClassNotFoundException'{0x0000000713598508}: java/util/EventListenerCustomizer> (0x0000000713598508) 
thrown [t:\workspace\open\src\hotspot\share\classfile\systemDictionary.cpp, line 256]
Event: 12.045 Thread 0x000001d1d5fc10d0 Exception <a 'java/lang/ClassNotFoundException'{0x00000007135a2190}: java/lang/ObjectCustomizer> (0x00000007135a2190) 
thrown [t:\workspace\open\src\hotspot\share\classfile\systemDictionary.cpp, line 256]
Event: 12.050 Thread 0x000001d1d5fc10d0 Exception <a 'java/lang/ClassNotFoundException'{0x00000007135af6c8}: org/springframework/jmx/export/metadata/AbstractJmxAttributeCustomizer> (0x00000007135af6c8) 
thrown [t:\workspace\open\src\hotspot\share\classfile\systemDictionary.cpp, line 256]
Event: 12.050 Thread 0x000001d1d5fc10d0 Exception <a 'java/lang/ClassNotFoundException'{0x00000007135bc908}: org/springframework/jmx/export/metadata/ManagedAttributeCustomizer> (0x00000007135bc908) 
thrown [t:\workspace\open\src\hotspot\share\classfile\systemDictionary.cpp, line 256]
Event: 12.066 Thread 0x000001d1d5fc10d0 Exception <a 'java/lang/NoSuchMethodError'{0x000000071320c528}: 'java.lang.Object java.lang.invoke.DirectMethodHandle$Holder.invokeSpecial(java.lang.Object, java.lang.Object, int, java.lang.Object, int, java.lang.Object)'> (0x000000071320c528) 
thrown [t:\workspace\open\src\hotspot\share\interpreter\linkResolver.cpp, line 766]
Event: 12.066 Thread 0x000001d1d5fc10d0 Exception <a 'java/lang/NoSuchMethodError'{0x00000007132145d0}: 'java.lang.Object java.lang.invoke.DirectMethodHandle$Holder.newInvokeSpecial(java.lang.Object, java.lang.Object, int, java.lang.Object, int)'> (0x00000007132145d0) 
thrown [t:\workspace\open\src\hotspot\share\interpreter\linkResolver.cpp, line 766]
Event: 12.067 Thread 0x000001d1d5fc10d0 Exception <a 'java/lang/NoSuchMethodError'{0x00000007132186d0}: 'java.lang.Object java.lang.invoke.DirectMethodHandle$Holder.invokeSpecial(java.lang.Object, java.lang.Object, java.lang.Object, int, java.lang.Object, int)'> (0x00000007132186d0) 
thrown [t:\workspace\open\src\hotspot\share\interpreter\linkResolver.cpp, line 766]
Event: 12.068 Thread 0x000001d1d5fc10d0 Exception <a 'java/lang/NoSuchMethodError'{0x0000000713223858}: 'void java.lang.invoke.DirectMethodHandle$Holder.invokeVirtual(java.lang.Object, java.lang.Object)'> (0x0000000713223858) 
thrown [t:\workspace\open\src\hotspot\share\interpreter\linkResolver.cpp, line 766]

VM Operations (20 events):
Event: 12.831 Executing VM operation: ICBufferFull done
Event: 12.832 Executing VM operation: ICBufferFull
Event: 12.832 Executing VM operation: ICBufferFull done
Event: 12.893 Executing VM operation: HandshakeAllThreads
Event: 12.893 Executing VM operation: HandshakeAllThreads done
Event: 12.954 Executing VM operation: HandshakeAllThreads
Event: 12.954 Executing VM operation: HandshakeAllThreads done
Event: 12.976 Executing VM operation: HandshakeAllThreads
Event: 12.976 Executing VM operation: HandshakeAllThreads done
Event: 12.976 Executing VM operation: HandshakeAllThreads
Event: 12.976 Executing VM operation: HandshakeAllThreads done
Event: 13.028 Executing VM operation: G1CollectForAllocation
Event: 13.044 Executing VM operation: G1CollectForAllocation done
Event: 13.068 Executing VM operation: HandshakeAllThreads
Event: 13.068 Executing VM operation: HandshakeAllThreads done
Event: 13.068 Executing VM operation: HandshakeAllThreads
Event: 13.068 Executing VM operation: HandshakeAllThreads done
Event: 13.098 Executing VM operation: G1CollectForAllocation
Event: 13.109 Executing VM operation: G1CollectForAllocation done
Event: 13.250 Executing VM operation: G1CollectForAllocation

Events (20 events):
Event: 13.077 Thread 0x000001d1cd820830 flushing nmethod 0x000001d1beb20f10
Event: 13.077 Thread 0x000001d1cd820830 flushing nmethod 0x000001d1beb40a10
Event: 13.077 Thread 0x000001d1cd820830 flushing nmethod 0x000001d1beb50490
Event: 13.077 Thread 0x000001d1cd820830 flushing nmethod 0x000001d1beb5df90
Event: 13.077 Thread 0x000001d1cd820830 flushing nmethod 0x000001d1beb68e10
Event: 13.077 Thread 0x000001d1cd820830 flushing nmethod 0x000001d1beb70410
Event: 13.077 Thread 0x000001d1cd820830 flushing nmethod 0x000001d1beb7b810
Event: 13.077 Thread 0x000001d1cd820830 flushing nmethod 0x000001d1beb7f190
Event: 13.077 Thread 0x000001d1cd820830 flushing nmethod 0x000001d1beb7f710
Event: 13.077 Thread 0x000001d1cd820830 flushing nmethod 0x000001d1beb98110
Event: 13.077 Thread 0x000001d1cd820830 flushing nmethod 0x000001d1beb99590
Event: 13.077 Thread 0x000001d1cd820830 flushing nmethod 0x000001d1bebaed90
Event: 13.078 Thread 0x000001d1cd820830 flushing nmethod 0x000001d1bebe1190
Event: 13.078 Thread 0x000001d1cd820830 flushing nmethod 0x000001d1bebee690
Event: 13.078 Thread 0x000001d1cd820830 flushing nmethod 0x000001d1bec2be10
Event: 13.078 Thread 0x000001d1cd820830 flushing nmethod 0x000001d1bec49c10
Event: 13.078 Thread 0x000001d1cd820830 flushing nmethod 0x000001d1bec79c10
Event: 13.079 Thread 0x000001d1cd820830 flushing nmethod 0x000001d1bec9e990
Event: 13.079 Thread 0x000001d1cd820830 flushing nmethod 0x000001d1bed2e590
Event: 13.079 Thread 0x000001d1cd820830 flushing nmethod 0x000001d1bed38e90


Dynamic libraries:
0x00007ff6854d0000 - 0x00007ff6854de000 	C:\Users\\.jdks\openjdk-17.0.2\bin\java.exe
0x00007ff995310000 - 0x00007ff995508000 	C:\WINDOWS\SYSTEM32\ntdll.dll
0x00007ff994f30000 - 0x00007ff994fed000 	C:\WINDOWS\System32\KERNEL32.DLL
0x00007ff992bd0000 - 0x00007ff992e9e000 	C:\WINDOWS\System32\KERNELBASE.dll
0x00007ff990330000 - 0x00007ff9903c0000 	C:\WINDOWS\SYSTEM32\apphelp.dll
0x00007ff993270000 - 0x00007ff993370000 	C:\WINDOWS\System32\ucrtbase.dll
0x00007ff980630000 - 0x00007ff98064a000 	C:\Users\\.jdks\openjdk-17.0.2\bin\VCRUNTIME140.dll
0x00007ff980610000 - 0x00007ff980628000 	C:\Users\\.jdks\openjdk-17.0.2\bin\jli.dll
0x00007ff993940000 - 0x00007ff993ae0000 	C:\WINDOWS\System32\USER32.dll
0x00007ff992f50000 - 0x00007ff992f72000 	C:\WINDOWS\System32\win32u.dll
0x00007ff97eec0000 - 0x00007ff97f15a000 	C:\WINDOWS\WinSxS\amd64_microsoft.windows.common-controls_6595b64144ccf1df_6.0.19041.1110_none_60b5254171f9507e\COMCTL32.dll
0x00007ff993ae0000 - 0x00007ff993b0a000 	C:\WINDOWS\System32\GDI32.dll
0x00007ff9941d0000 - 0x00007ff99426e000 	C:\WINDOWS\System32\msvcrt.dll
0x00007ff992f80000 - 0x00007ff99308b000 	C:\WINDOWS\System32\gdi32full.dll
0x00007ff992b30000 - 0x00007ff992bcd000 	C:\WINDOWS\System32\msvcp_win.dll
0x00007ff993d30000 - 0x00007ff993d60000 	C:\WINDOWS\System32\IMM32.DLL
0x00007ff98c620000 - 0x00007ff98c62c000 	C:\Users\\.jdks\openjdk-17.0.2\bin\vcruntime140_1.dll
0x00007ff97f440000 - 0x00007ff97f4cd000 	C:\Users\\.jdks\openjdk-17.0.2\bin\msvcp140.dll
0x00007ff937920000 - 0x00007ff9384e1000 	C:\Users\\.jdks\openjdk-17.0.2\bin\server\jvm.dll
0x00007ff994ff0000 - 0x00007ff99509e000 	C:\WINDOWS\System32\ADVAPI32.dll
0x00007ff994c70000 - 0x00007ff994d0c000 	C:\WINDOWS\System32\sechost.dll
0x00007ff995190000 - 0x00007ff9952b5000 	C:\WINDOWS\System32\RPCRT4.dll
0x00007ff993930000 - 0x00007ff993938000 	C:\WINDOWS\System32\PSAPI.DLL
0x00007ff97a340000 - 0x00007ff97a349000 	C:\WINDOWS\SYSTEM32\WSOCK32.dll
0x00007ff994ec0000 - 0x00007ff994f2b000 	C:\WINDOWS\System32\WS2_32.dll
0x00007ff97dc30000 - 0x00007ff97dc57000 	C:\WINDOWS\SYSTEM32\WINMM.dll
0x00007ff987fb0000 - 0x00007ff987fba000 	C:\WINDOWS\SYSTEM32\VERSION.dll
0x00007ff990930000 - 0x00007ff990942000 	C:\WINDOWS\SYSTEM32\kernel.appcore.dll
0x00007ff98c5f0000 - 0x00007ff98c5fa000 	C:\Users\\.jdks\openjdk-17.0.2\bin\jimage.dll
0x00007ff976080000 - 0x00007ff976264000 	C:\WINDOWS\SYSTEM32\DBGHELP.DLL
0x00007ff976010000 - 0x00007ff97603c000 	C:\WINDOWS\SYSTEM32\dbgcore.DLL
0x00007ff992a30000 - 0x00007ff992ab2000 	C:\WINDOWS\System32\bcryptPrimitives.dll
0x00007ff98e510000 - 0x00007ff98e51e000 	C:\Users\\.jdks\openjdk-17.0.2\bin\instrument.dll
0x00007ff97fbf0000 - 0x00007ff97fc15000 	C:\Users\\.jdks\openjdk-17.0.2\bin\java.dll
0x00007ff97f2a0000 - 0x00007ff97f376000 	C:\Users\\.jdks\openjdk-17.0.2\bin\jsvml.dll
0x00007ff994440000 - 0x00007ff994b84000 	C:\WINDOWS\System32\SHELL32.dll
0x00007ff990b30000 - 0x00007ff9912c4000 	C:\WINDOWS\SYSTEM32\windows.storage.dll
0x00007ff9935d0000 - 0x00007ff993924000 	C:\WINDOWS\System32\combase.dll
0x00007ff992490000 - 0x00007ff9924c0000 	C:\WINDOWS\SYSTEM32\Wldp.dll
0x00007ff994390000 - 0x00007ff99443d000 	C:\WINDOWS\System32\SHCORE.dll
0x00007ff9934c0000 - 0x00007ff993515000 	C:\WINDOWS\System32\shlwapi.dll
0x00007ff992970000 - 0x00007ff99298f000 	C:\WINDOWS\SYSTEM32\profapi.dll
0x00007ff97f9f0000 - 0x00007ff97fa08000 	C:\Users\\.jdks\openjdk-17.0.2\bin\zip.dll
0x00007ff97fbd0000 - 0x00007ff97fbe9000 	C:\Users\\.jdks\openjdk-17.0.2\bin\net.dll
0x00007ff981c20000 - 0x00007ff981d2a000 	C:\WINDOWS\SYSTEM32\WINHTTP.dll
0x00007ff9921f0000 - 0x00007ff99225a000 	C:\WINDOWS\system32\mswsock.dll
0x00007ff97fbb0000 - 0x00007ff97fbc6000 	C:\Users\\.jdks\openjdk-17.0.2\bin\nio.dll
0x00007ff980490000 - 0x00007ff9804aa000 	C:\Program Files\JetBrains\IntelliJ IDEA 2022.1.2\bin\breakgen64.dll
0x00007ff991ed0000 - 0x00007ff991f9a000 	C:\WINDOWS\SYSTEM32\DNSAPI.dll
0x00007ff991e90000 - 0x00007ff991ecb000 	C:\WINDOWS\SYSTEM32\IPHLPAPI.DLL
0x00007ff9952c0000 - 0x00007ff9952c8000 	C:\WINDOWS\System32\NSI.dll
0x00007ff97ca10000 - 0x00007ff97ca1a000 	C:\Windows\System32\rasadhlp.dll
0x00007ff97d350000 - 0x00007ff97d3d0000 	C:\WINDOWS\System32\fwpuclnt.dll
0x00007ff993090000 - 0x00007ff9930b7000 	C:\WINDOWS\System32\bcrypt.dll
0x00007ff97ff80000 - 0x00007ff97ff89000 	C:\Users\\.jdks\openjdk-17.0.2\bin\management.dll
0x00007ff97fb70000 - 0x00007ff97fb7b000 	C:\Users\\.jdks\openjdk-17.0.2\bin\management_ext.dll
0x00007ff9923e0000 - 0x00007ff9923f8000 	C:\WINDOWS\SYSTEM32\CRYPTSP.dll
0x00007ff991b00000 - 0x00007ff991b34000 	C:\WINDOWS\system32\rsaenh.dll
0x00007ff992930000 - 0x00007ff99295e000 	C:\WINDOWS\SYSTEM32\USERENV.dll
0x00007ff992400000 - 0x00007ff99240c000 	C:\WINDOWS\SYSTEM32\CRYPTBASE.dll
0x00007ff9858a0000 - 0x00007ff9858b7000 	C:\WINDOWS\SYSTEM32\dhcpcsvc6.DLL
0x00007ff988770000 - 0x00007ff98878d000 	C:\WINDOWS\SYSTEM32\dhcpcsvc.DLL
0x00007ff9662b0000 - 0x00007ff9662c7000 	C:\WINDOWS\system32\napinsp.dll
0x00007ff966290000 - 0x00007ff9662ab000 	C:\WINDOWS\system32\pnrpnsp.dll
0x00007ff98d3b0000 - 0x00007ff98d3c5000 	C:\WINDOWS\system32\wshbth.dll
0x00007ff98e3d0000 - 0x00007ff98e3ed000 	C:\WINDOWS\system32\NLAapi.dll
0x00007ff966270000 - 0x00007ff966282000 	C:\WINDOWS\System32\winrnr.dll
0x00007ff97f3f0000 - 0x00007ff97f3fe000 	C:\Users\\.jdks\openjdk-17.0.2\bin\sunmscapi.dll
0x00007ff9930c0000 - 0x00007ff993216000 	C:\WINDOWS\System32\CRYPT32.dll
0x00007ff992500000 - 0x00007ff992527000 	C:\WINDOWS\SYSTEM32\ncrypt.dll
0x00007ff9924c0000 - 0x00007ff9924fb000 	C:\WINDOWS\SYSTEM32\NTASN1.dll
0x00007ff97f3e0000 - 0x00007ff97f3e7000 	C:\WINDOWS\system32\wshunix.dll

dbghelp: loaded successfully - version: 4.0.5 - missing functions: none
symbol engine: initialized successfully - sym options: 0x614 - pdb path: .;C:\Users\\.jdks\openjdk-17.0.2\bin;C:\WINDOWS\SYSTEM32;C:\WINDOWS\WinSxS\amd64_microsoft.windows.common-controls_6595b64144ccf1df_6.0.19041.1110_none_60b5254171f9507e;C:\Users\\.jdks\openjdk-17.0.2\bin\server;C:\Program Files\JetBrains\IntelliJ IDEA 2022.1.2\bin

VM Arguments:
jvm_args: -XX:TieredStopAtLevel=1 -Xverify:none -Dspring.output.ansi.enabled=always -Dcom.sun.management.jmxremote -Dspring.jmx.enabled=true -Dspring.liveBeansView.mbeanDomain -Dspring.application.admin.enabled=true -javaagent:C:\Program Files\JetBrains\IntelliJ IDEA 2022.1.2\lib\idea_rt.jar=54070:C:\Program Files\JetBrains\IntelliJ IDEA 2022.1.2\bin -Dfile.encoding=UTF-8 
java_command: com.andersen.banking.PaymentServiceApplication
java_class_path (initial): C:\Users\\.IntelliJIdea2019.2\meetingroom-new-backend\payment-service\build\classes\java\main;C:\Users\\.IntelliJIdea2019.2\meetingroom-new-backend\payment-service\build\resources\main;C:\Users\\.gradle\caches\modules-2\files-2.1\org.projectlombok\lombok\1.18.20\18bcea7d5df4d49227b4a0743a536208ce4825bb\lombok-1.18.20.jar;C:\Users\\.gradle\caches\modules-2\files-2.1\org.mapstruct\mapstruct-processor\1.4.2.Final\e55bd90d51cddd638c07d5bd89fc7535d4e3d069\mapstruct-processor-1.4.2.Final.jar;C:\Users\\.gradle\caches\modules-2\files-2.1\org.springframework.boot\spring-boot-starter-web\2.6.7\d877d6b14397f0c4b3a1611149a37eaf47f32195\spring-boot-starter-web-2.6.7.jar;C:\Users\\.gradle\caches\modules-2\files-2.1\org.springframework.boot\spring-boot-starter-data-jpa\2.6.7\c67c8556deb506677da64cac10c6e4edcff41847\spring-boot-starter-data-jpa-2.6.7.jar;C:\Users\\.gradle\caches\modules-2\files-2.1\org.springframework.boot\spring-boot-starter-validation\2.6.7\96f28d6d7c122eebc9a68850d4f8edb29c58c2c\spring-boot-starter-validation-2.6.7.jar;C:\Users\\.gradle\caches\modules-2\files-2.1\org.springframework.boot\spring-boot-starter-security\2.6.7\6a37eec49a7098f87cea63ec9fbc6c5a654ac622\spring-boot-starter-security-2.6.7.jar;C:\Users\\.gradle\caches\modules-2\files-2.1\org.springframework.security\spring-security-oauth2-client\5.7.2\d41f66630e320055ea1fb287bf0ca941bf6058e5\spring-security-oauth2-client-5.7.2.jar;C:\Users\\.gradle\caches\modules-2\files-2.1\org.springframework.security\spring-security-oauth2-resource-server\5.6.3\30d45960112cd52778288d0cd725f7bd643cb9db\spring-security-oauth2-resource-server-5.6.3.jar;C:\Users\\.gradle\caches\modules-2\files-2.1\org.springframework.security\spring-security-oauth2-jose\5.6.3\2dcb68aad83d87ad43cb4a440e5bc23d69ac6c76\spring-security-oauth2-jose-5.6.3.jar;C:\Users\\.gradle\caches\modules-2\files-2.1\org.springframework.cloud\spring-cloud-star
Launcher Type: SUN_STANDARD

[Global flags]
     intx CICompilerCount                          = 3                                         {product} {ergonomic}
     uint ConcGCThreads                            = 1                                         {product} {ergonomic}
     uint G1ConcRefinementThreads                  = 4                                         {product} {ergonomic}
   size_t G1HeapRegionSize                         = 2097152                                   {product} {ergonomic}
    uintx GCDrainStackTargetSize                   = 64                                        {product} {ergonomic}
   size_t InitialHeapSize                          = 264241152                                 {product} {ergonomic}
     bool ManagementServer                         = true                                      {product} {command line}
   size_t MarkStackSize                            = 4194304                                   {product} {ergonomic}
   size_t MaxHeapSize                              = 4221566976                                {product} {ergonomic}
   size_t MaxNewSize                               = 2531262464                                {product} {ergonomic}
   size_t MinHeapDeltaBytes                        = 2097152                                   {product} {ergonomic}
   size_t MinHeapSize                              = 8388608                                   {product} {ergonomic}
    uintx NonProfiledCodeHeapSize                  = 0                                      {pd product} {ergonomic}
     bool ProfileInterpreter                       = false                                  {pd product} {command line}
    uintx ProfiledCodeHeapSize                     = 0                                      {pd product} {ergonomic}
   size_t SoftMaxHeapSize                          = 4221566976                             {manageable} {ergonomic}
     intx TieredStopAtLevel                        = 1                                         {product} {command line}
     bool UseCompressedClassPointers               = true                           {product lp64_product} {ergonomic}
     bool UseCompressedOops                        = true                           {product lp64_product} {ergonomic}
     bool UseG1GC                                  = true                                      {product} {ergonomic}
     bool UseLargePagesIndividualAllocation        = false                                  {pd product} {ergonomic}

Logging:
Log output configuration:
 #0: stdout all=warning uptime,level,tags
 #1: stderr all=off uptime,level,tags

Environment Variables:
PATH=C:\Windows\system32;C:\Windows;C:\Windows\System32\Wbem;C:\Windows\System32\WindowsPowerShell\v1.0\;C:\Windows\System32\OpenSSH\;C:\Program Files (x86)\NVIDIA Corporation\PhysX\Common;C:\Program Files\Polyspace\R2020a\bin;C:\Program Files\NVIDIA Corporation\NVIDIA NvDLISR;C:\WINDOWS\system32;C:\WINDOWS;C:\WINDOWS\System32\Wbem;C:\WINDOWS\System32\WindowsPowerShell\v1.0\;C:\WINDOWS\System32\OpenSSH\;C:\Program Files\dotnet\;C:\Program Files\Microsoft SQL Server\130\Tools\Binn\;C:\Program Files\Microsoft SQL Server\Client SDK\ODBC\170\Tools\Binn\;C:\Program Files (x86)\dotnet\;C:\Program Files\Git\cmd;C:\Users\\AppData\Local\Microsoft\WindowsApps;C:\Users\\.dotnet\tools;C:\Users\\AppData\Local\Programs\Microsoft VS Code\bin
USERNAME=
OS=Windows_NT
PROCESSOR_IDENTIFIER=Intel64 Family 6 Model 142 Stepping 12, GenuineIntel



---------------  S Y S T E M  ---------------

OS:
 Windows 10 , 64 bit Build 19041 (10.0.19041.1889)
OS uptime: 10 days 1:49 hours

CPU: total 4 (initial active 4) (2 cores per cpu, 2 threads per core) family 6 model 142 stepping 12 microcode 0xc0, cx8, cmov, fxsr, ht, mmx, 3dnowpref, sse, sse2, sse3, ssse3, sse4.1, sse4.2, popcnt, lzcnt, tsc, tscinvbit, avx, avx2, aes, erms, clmul, bmi1, bmi2, adx, fma, vzeroupper, clflush, clflushopt

Memory: 4k page, system-wide physical 16101M (3944M free)
TotalPageFile size 18117M (AvailPageFile size 53M)
current process WorkingSet (physical memory assigned to process): 332M, peak: 332M
current process commit charge ("private bytes"): 511M, peak: 635M

vm_info: OpenJDK 64-Bit Server VM (17.0.2+8-86) for windows-amd64 JRE (17.0.2+8-86), built on Dec  7 2021 21:49:10 by "mach5one" with MS VC++ 16.8 / 16.9 (VS2019)

END.
