#
# There is insufficient memory for the Java Runtime Environment to continue.
# Native memory allocation (malloc) failed to allocate 1048576 bytes for AllocateHeap
# Possible reasons:
#   The system is out of physical RAM or swap space
#   The process is running with CompressedOops enabled, and the Java Heap may be blocking the growth of the native heap
# Possible solutions:
#   Reduce memory load on the system
#   Increase physical memory or swap space
#   Check if swap backing store is full
#   Decrease Java heap size (-Xmx/-Xms)
#   Decrease number of Java threads
#   Decrease Java thread stack sizes (-Xss)
#   Set larger code cache with -XX:ReservedCodeCacheSize=
#   JVM is running with Zero Based Compressed Oops mode in which the Java heap is
#     placed in the first 32GB address space. The Java Heap base address is the
#     maximum limit for the native heap growth. Please use -XX:HeapBaseMinAddress
#     to set the Java Heap base and to place the Java Heap above 32GB virtual address.
# This output file may be truncated or incomplete.
#
#  Out of Memory Error (allocation.cpp:44), pid=17164, tid=9260
#
# JRE version:  (17.0.2+8) (build )
# Java VM: OpenJDK 64-Bit Server VM (17.0.2+8-86, mixed mode, emulated-client, sharing, tiered, compressed oops, compressed class ptrs, g1 gc, windows-amd64)
# No core dump will be written. Minidumps are not enabled by default on client versions of Windows
#

---------------  S U M M A R Y ------------

Command Line: -XX:TieredStopAtLevel=1 -Xverify:none -Dspring.output.ansi.enabled=always -Dcom.sun.management.jmxremote -Dspring.jmx.enabled=true -Dspring.liveBeansView.mbeanDomain -Dspring.application.admin.enabled=true -javaagent:C:\Program Files\JetBrains\IntelliJ IDEA 2022.1.2\lib\idea_rt.jar=57844:C:\Program Files\JetBrains\IntelliJ IDEA 2022.1.2\bin -Dfile.encoding=UTF-8 com.andersen.banking.PaymentServiceApplication

Host: Intel(R) Core(TM) i3-10110U CPU @ 2.10GHz, 4 cores, 15G,  Windows 10 , 64 bit Build 19041 (10.0.19041.1889)
Time: Thu Sep  8 14:47:17 2022 RTZ 2 (s 10 , 64 bit Build 19041 (10.0.19041.1889) elapsed time: 0.025103 seconds (0d 0h 0m 0s)

---------------  T H R E A D  ---------------

Current thread (0x000001b7feecc620):  JavaThread "Unknown thread" [_thread_in_vm, id=9260, stack(0x000000b340100000,0x000000b340200000)]

Stack: [0x000000b340100000,0x000000b340200000]
Native frames: (J=compiled Java code, j=interpreted, Vv=VM code, C=native code)
V  [jvm.dll+0x670baa]
V  [jvm.dll+0x7cfcb4]
V  [jvm.dll+0x7d145e]
V  [jvm.dll+0x7d1ac3]
V  [jvm.dll+0x242bc5]
V  [jvm.dll+0xa4b93]
V  [jvm.dll+0x2e0f37]
V  [jvm.dll+0x2d8e0b]
V  [jvm.dll+0x7a18c1]
V  [jvm.dll+0x365a91]
V  [jvm.dll+0x780d2c]
V  [jvm.dll+0x3e845f]
V  [jvm.dll+0x3e9f01]
C  [jli.dll+0x527b]
C  [ucrtbase.dll+0x21bb2]
C  [KERNEL32.DLL+0x17034]
C  [ntdll.dll+0x52651]


---------------  P R O C E S S  ---------------

Threads class SMR info:
_java_thread_list=0x00007ff9383b9858, length=0, elements={
}

Java Threads: ( => current thread )

Other Threads:
  0x000001b7fef19c00 GCTaskThread "GC Thread#0" [stack: 0x000000b340200000,0x000000b340300000] [id=124]

[error occurred during error reporting (printing all threads), id 0xc0000005, EXCEPTION_ACCESS_VIOLATION (0xc0000005) at pc=0x00007ff937c05e80]

VM state: not at safepoint (not fully initialized)

VM Mutex/Monitor currently owned by a thread:  ([mutex/lock_event])
[0x000001b7feec7020] Heap_lock - owner thread: 0x000001b7feecc620

Heap address: 0x0000000704600000, size: 4026 MB, Compressed Oops mode: Zero based, Oop shift amount: 3

CDS archive(s) mapped at: [0x0000000000000000-0x0000000000000000-0x0000000000000000), size 0, SharedBaseAddress: 0x0000000800000000, ArchiveRelocationMode: 0.
Narrow klass base: 0x0000000000000000, Narrow klass shift: 0, Narrow klass range: 0x0

GC Precious Log:
<Empty>

Heap:
 garbage-first heap   total 0K, used 0K [0x0000000704600000, 0x0000000800000000)
  region size 2048K, 0 young (0K), 0 survivors (0K)

[error occurred during error reporting (printing heap information), id 0xc0000005, EXCEPTION_ACCESS_VIOLATION (0xc0000005) at pc=0x00007ff937fe9f19]

GC Heap History (0 events):
No events

Deoptimization events (0 events):
No events

Classes unloaded (0 events):
No events

Classes redefined (0 events):
No events

Internal exceptions (0 events):
No events

VM Operations (0 events):
No events

Events (1 events):
Event: 0.013 Loaded shared library C:\Users\Даниль\.jdks\openjdk-17.0.2\bin\java.dll


Dynamic libraries:
0x00007ff6854d0000 - 0x00007ff6854de000 	C:\Users\Даниль\.jdks\openjdk-17.0.2\bin\java.exe
0x00007ff995310000 - 0x00007ff995508000 	C:\WINDOWS\SYSTEM32\ntdll.dll
0x00007ff994f30000 - 0x00007ff994fed000 	C:\WINDOWS\System32\KERNEL32.DLL
0x00007ff992bd0000 - 0x00007ff992e9e000 	C:\WINDOWS\System32\KERNELBASE.dll
0x00007ff990330000 - 0x00007ff9903c0000 	C:\WINDOWS\SYSTEM32\apphelp.dll
0x00007ff993270000 - 0x00007ff993370000 	C:\WINDOWS\System32\ucrtbase.dll
0x00007ff980610000 - 0x00007ff980628000 	C:\Users\Даниль\.jdks\openjdk-17.0.2\bin\jli.dll
0x00007ff980630000 - 0x00007ff98064a000 	C:\Users\Даниль\.jdks\openjdk-17.0.2\bin\VCRUNTIME140.dll
0x00007ff993940000 - 0x00007ff993ae0000 	C:\WINDOWS\System32\USER32.dll
0x00007ff992f50000 - 0x00007ff992f72000 	C:\WINDOWS\System32\win32u.dll
0x00007ff993ae0000 - 0x00007ff993b0a000 	C:\WINDOWS\System32\GDI32.dll
0x00007ff97eec0000 - 0x00007ff97f15a000 	C:\WINDOWS\WinSxS\amd64_microsoft.windows.common-controls_6595b64144ccf1df_6.0.19041.1110_none_60b5254171f9507e\COMCTL32.dll
0x00007ff9941d0000 - 0x00007ff99426e000 	C:\WINDOWS\System32\msvcrt.dll
0x00007ff992f80000 - 0x00007ff99308b000 	C:\WINDOWS\System32\gdi32full.dll
0x00007ff992b30000 - 0x00007ff992bcd000 	C:\WINDOWS\System32\msvcp_win.dll
0x00007ff993d30000 - 0x00007ff993d60000 	C:\WINDOWS\System32\IMM32.DLL
0x00007ff98c620000 - 0x00007ff98c62c000 	C:\Users\Даниль\.jdks\openjdk-17.0.2\bin\vcruntime140_1.dll
0x00007ff97f440000 - 0x00007ff97f4cd000 	C:\Users\Даниль\.jdks\openjdk-17.0.2\bin\msvcp140.dll
0x00007ff937920000 - 0x00007ff9384e1000 	C:\Users\Даниль\.jdks\openjdk-17.0.2\bin\server\jvm.dll
0x00007ff994ff0000 - 0x00007ff99509e000 	C:\WINDOWS\System32\ADVAPI32.dll
0x00007ff994c70000 - 0x00007ff994d0c000 	C:\WINDOWS\System32\sechost.dll
0x00007ff995190000 - 0x00007ff9952b5000 	C:\WINDOWS\System32\RPCRT4.dll
0x00007ff993930000 - 0x00007ff993938000 	C:\WINDOWS\System32\PSAPI.DLL
0x00007ff97a340000 - 0x00007ff97a349000 	C:\WINDOWS\SYSTEM32\WSOCK32.dll
0x00007ff97dc30000 - 0x00007ff97dc57000 	C:\WINDOWS\SYSTEM32\WINMM.dll
0x00007ff994ec0000 - 0x00007ff994f2b000 	C:\WINDOWS\System32\WS2_32.dll
0x00007ff987fb0000 - 0x00007ff987fba000 	C:\WINDOWS\SYSTEM32\VERSION.dll
0x00007ff990930000 - 0x00007ff990942000 	C:\WINDOWS\SYSTEM32\kernel.appcore.dll
0x00007ff98c5f0000 - 0x00007ff98c5fa000 	C:\Users\Даниль\.jdks\openjdk-17.0.2\bin\jimage.dll
0x00007ff976080000 - 0x00007ff976264000 	C:\WINDOWS\SYSTEM32\DBGHELP.DLL
0x00007ff976010000 - 0x00007ff97603c000 	C:\WINDOWS\SYSTEM32\dbgcore.DLL
0x00007ff992a30000 - 0x00007ff992ab2000 	C:\WINDOWS\System32\bcryptPrimitives.dll
0x00007ff98c630000 - 0x00007ff98c63e000 	C:\Users\Даниль\.jdks\openjdk-17.0.2\bin\instrument.dll
0x00007ff97fbf0000 - 0x00007ff97fc15000 	C:\Users\Даниль\.jdks\openjdk-17.0.2\bin\java.dll

dbghelp: loaded successfully - version: 4.0.5 - missing functions: none
symbol engine: initialized successfully - sym options: 0x614 - pdb path: .;C:\Users\Даниль\.jdks\openjdk-17.0.2\bin;C:\WINDOWS\SYSTEM32;C:\WINDOWS\WinSxS\amd64_microsoft.windows.common-controls_6595b64144ccf1df_6.0.19041.1110_none_60b5254171f9507e;C:\Users\Даниль\.jdks\openjdk-17.0.2\bin\server

VM Arguments:
jvm_args: -XX:TieredStopAtLevel=1 -Xverify:none -Dspring.output.ansi.enabled=always -Dcom.sun.management.jmxremote -Dspring.jmx.enabled=true -Dspring.liveBeansView.mbeanDomain -Dspring.application.admin.enabled=true -javaagent:C:\Program Files\JetBrains\IntelliJ IDEA 2022.1.2\lib\idea_rt.jar=57844:C:\Program Files\JetBrains\IntelliJ IDEA 2022.1.2\bin -Dfile.encoding=UTF-8 
java_command: com.andersen.banking.PaymentServiceApplication
java_class_path (initial): C:\Users\Даниль\.IntelliJIdea2019.2\meetingroom-new-backend\payment-service\build\classes\java\main;C:\Users\Даниль\.IntelliJIdea2019.2\meetingroom-new-backend\payment-service\build\resources\main;C:\Users\Даниль\.gradle\caches\modules-2\files-2.1\org.projectlombok\lombok\1.18.20\18bcea7d5df4d49227b4a0743a536208ce4825bb\lombok-1.18.20.jar;C:\Users\Даниль\.gradle\caches\modules-2\files-2.1\org.mapstruct\mapstruct-processor\1.4.2.Final\e55bd90d51cddd638c07d5bd89fc7535d4e3d069\mapstruct-processor-1.4.2.Final.jar;C:\Users\Даниль\.gradle\caches\modules-2\files-2.1\org.springframework.boot\spring-boot-starter-web\2.6.7\d877d6b14397f0c4b3a1611149a37eaf47f32195\spring-boot-starter-web-2.6.7.jar;C:\Users\Даниль\.gradle\caches\modules-2\files-2.1\org.springframework.boot\spring-boot-starter-data-jpa\2.6.7\c67c8556deb506677da64cac10c6e4edcff41847\spring-boot-starter-data-jpa-2.6.7.jar;C:\Users\Даниль\.gradle\caches\modules-2\files-2.1\org.springframework.boot\spring-boot-starter-validation\2.6.7\96f28d6d7c122eebc9a68850d4f8edb29c58c2c\spring-boot-starter-validation-2.6.7.jar;C:\Users\Даниль\.gradle\caches\modules-2\files-2.1\org.springframework.boot\spring-boot-starter-security\2.6.7\6a37eec49a7098f87cea63ec9fbc6c5a654ac622\spring-boot-starter-security-2.6.7.jar;C:\Users\Даниль\.gradle\caches\modules-2\files-2.1\org.springframework.security\spring-security-oauth2-client\5.7.2\d41f66630e320055ea1fb287bf0ca941bf6058e5\spring-security-oauth2-client-5.7.2.jar;C:\Users\Даниль\.gradle\caches\modules-2\files-2.1\org.springframework.security\spring-security-oauth2-resource-server\5.6.3\30d45960112cd52778288d0cd725f7bd643cb9db\spring-security-oauth2-resource-server-5.6.3.jar;C:\Users\Даниль\.gradle\caches\modules-2\files-2.1\org.springframework.security\spring-security-oauth2-jose\5.6.3\2dcb68aad83d87ad43cb4a440e5bc23d69ac6c76\spring-security-oauth2-jose-5.6.3.jar;C:\Users\Даниль\.gradle\caches\modules-2\files-2.1\org.springframework.cloud\spring-cloud-star
Launcher Type: SUN_STANDARD

[Global flags]
     intx CICompilerCount                          = 3                                         {product} {ergonomic}
     uint ConcGCThreads                            = 1                                         {product} {ergonomic}
     uint G1ConcRefinementThreads                  = 4                                         {product} {ergonomic}
   size_t G1HeapRegionSize                         = 2097152                                   {product} {ergonomic}
    uintx GCDrainStackTargetSize                   = 64                                        {product} {ergonomic}
   size_t InitialHeapSize                          = 264241152                                 {product} {ergonomic}
     bool ManagementServer                         = true                                      {product} {command line}
   size_t MarkStackSize                            = 4194304                                   {product} {ergonomic}
   size_t MaxHeapSize                              = 4221566976                                {product} {ergonomic}
   size_t MinHeapDeltaBytes                        = 2097152                                   {product} {ergonomic}
   size_t MinHeapSize                              = 8388608                                   {product} {ergonomic}
    uintx NonProfiledCodeHeapSize                  = 0                                      {pd product} {ergonomic}
     bool ProfileInterpreter                       = false                                  {pd product} {command line}
    uintx ProfiledCodeHeapSize                     = 0                                      {pd product} {ergonomic}
   size_t SoftMaxHeapSize                          = 4221566976                             {manageable} {ergonomic}
     intx TieredStopAtLevel                        = 1                                         {product} {command line}
     bool UseCompressedClassPointers               = true                           {product lp64_product} {ergonomic}
     bool UseCompressedOops                        = true                           {product lp64_product} {ergonomic}
     bool UseG1GC                                  = true                                      {product} {ergonomic}
     bool UseLargePagesIndividualAllocation        = false                                  {pd product} {ergonomic}

Logging:
Log output configuration:
 #0: stdout all=warning uptime,level,tags
 #1: stderr all=off uptime,level,tags

Environment Variables:
PATH=C:\Windows\system32;C:\Windows;C:\Windows\System32\Wbem;C:\Windows\System32\WindowsPowerShell\v1.0\;C:\Windows\System32\OpenSSH\;C:\Program Files (x86)\NVIDIA Corporation\PhysX\Common;C:\Program Files\Polyspace\R2020a\bin;C:\Program Files\NVIDIA Corporation\NVIDIA NvDLISR;C:\WINDOWS\system32;C:\WINDOWS;C:\WINDOWS\System32\Wbem;C:\WINDOWS\System32\WindowsPowerShell\v1.0\;C:\WINDOWS\System32\OpenSSH\;C:\Program Files\dotnet\;C:\Program Files\Microsoft SQL Server\130\Tools\Binn\;C:\Program Files\Microsoft SQL Server\Client SDK\ODBC\170\Tools\Binn\;C:\Program Files (x86)\dotnet\;C:\Program Files\Git\cmd;C:\Users\Даниль\AppData\Local\Microsoft\WindowsApps;C:\Users\Даниль\.dotnet\tools;C:\Users\Даниль\AppData\Local\Programs\Microsoft VS Code\bin
USERNAME=Даниль
OS=Windows_NT
PROCESSOR_IDENTIFIER=Intel64 Family 6 Model 142 Stepping 12, GenuineIntel



---------------  S Y S T E M  ---------------

OS:
 Windows 10 , 64 bit Build 19041 (10.0.19041.1889)
OS uptime: 10 days 2:53 hours

CPU: total 4 (initial active 4) (2 cores per cpu, 2 threads per core) family 6 model 142 stepping 12 microcode 0xc0, cx8, cmov, fxsr, ht, mmx, 3dnowpref, sse, sse2, sse3, ssse3, sse4.1, sse4.2, popcnt, lzcnt, tsc, tscinvbit, avx, avx2, aes, erms, clmul, bmi1, bmi2, adx, fma, vzeroupper, clflush, clflushopt

Memory: 4k page, system-wide physical 16101M (4098M free)
TotalPageFile size 18117M (AvailPageFile size 6M)
current process WorkingSet (physical memory assigned to process): 11M, peak: 11M
current process commit charge ("private bytes"): 45M, peak: 46M

vm_info: OpenJDK 64-Bit Server VM (17.0.2+8-86) for windows-amd64 JRE (17.0.2+8-86), built on Dec  7 2021 21:49:10 by "mach5one" with MS VC++ 16.8 / 16.9 (VS2019)

END.
