#
# There is insufficient memory for the Java Runtime Environment to continue.
# Native memory allocation (mmap) failed to map 264241152 bytes for G1 virtual space
# Possible reasons:
#   The system is out of physical RAM or swap space
#   The process is running with CompressedOops enabled, and the Java Heap may be blocking the growth of the native heap
# Possible solutions:
#   Reduce memory load on the system
#   Increase physical memory or swap space
#   Check if swap backing store is full
#   Decrease Java heap size (-Xmx/-Xms)
#   Decrease number of Java threads
#   Decrease Java thread stack sizes (-Xss)
#   Set larger code cache with -XX:ReservedCodeCacheSize=
#   JVM is running with Unscaled Compressed Oops mode in which the Java heap is
#     placed in the first 4GB address space. The Java Heap base address is the
#     maximum limit for the native heap growth. Please use -XX:HeapBaseMinAddress
#     to set the Java Heap base and to place the Java Heap above 4GB virtual address.
# This output file may be truncated or incomplete.
#
#  Out of Memory Error (os_windows.cpp:3532), pid=9984, tid=1448
#
# JRE version:  (17.0.2+8) (build )
# Java VM: OpenJDK 64-Bit Server VM (17.0.2+8-86, mixed mode, sharing, tiered, compressed oops, compressed class ptrs, g1 gc, windows-amd64)
# No core dump will be written. Minidumps are not enabled by default on client versions of Windows
#

---------------  S U M M A R Y ------------

Command Line: -Dorg.gradle.internal.worker.tmpdir=C:\Users\Даниль\.IntelliJIdea2019.2\meetingroom-new-backend\registration-service\build\tmp\test\work -Dorg.gradle.native=false --add-opens=java.base/java.util=ALL-UNNAMED --add-opens=java.base/java.lang=ALL-UNNAMED -Xmx512m -Dfile.encoding=windows-1251 -Duser.country=RU -Duser.language=ru -Duser.variant -ea worker.org.gradle.process.internal.worker.GradleWorkerMain 'Gradle Test Executor 24'

Host: Intel(R) Core(TM) i3-10110U CPU @ 2.10GHz, 4 cores, 15G,  Windows 10 , 64 bit Build 19041 (10.0.19041.1889)
Time: Thu Sep  8 14:45:51 2022 RTZ 2 (s 10 , 64 bit Build 19041 (10.0.19041.1889) elapsed time: 0.016239 seconds (0d 0h 0m 0s)

---------------  T H R E A D  ---------------

Current thread (0x0000021b49696280):  JavaThread "Unknown thread" [_thread_in_vm, id=1448, stack(0x000000b06e700000,0x000000b06e800000)]

Stack: [0x000000b06e700000,0x000000b06e800000]
Native frames: (J=compiled Java code, j=interpreted, Vv=VM code, C=native code)
V  [jvm.dll+0x670baa]
V  [jvm.dll+0x7cfcb4]
V  [jvm.dll+0x7d145e]
V  [jvm.dll+0x7d1ac3]
V  [jvm.dll+0x242bc5]
V  [jvm.dll+0x66dac9]
V  [jvm.dll+0x662412]
V  [jvm.dll+0x300c0b]
V  [jvm.dll+0x3081a6]
V  [jvm.dll+0x357d0e]
V  [jvm.dll+0x357f3f]
V  [jvm.dll+0x2d7ec8]
V  [jvm.dll+0x2d8e34]
V  [jvm.dll+0x7a18c1]
V  [jvm.dll+0x365a91]
V  [jvm.dll+0x780d2c]
V  [jvm.dll+0x3e845f]
V  [jvm.dll+0x3e9f01]
C  [jli.dll+0x527b]
C  [ucrtbase.dll+0x21bb2]
C  [KERNEL32.DLL+0x17034]
C  [ntdll.dll+0x52651]


---------------  P R O C E S S  ---------------

Threads class SMR info:
_java_thread_list=0x00007ff9383b9858, length=0, elements={
}

Java Threads: ( => current thread )

Other Threads:
  0x0000021b496bac80 GCTaskThread "GC Thread#0" [stack: 0x000000b06e800000,0x000000b06e900000] [id=12020]
  0x0000021b496bfbc0 ConcurrentGCThread "G1 Main Marker" [stack: 0x000000b06e900000,0x000000b06ea00000] [id=10556]
  0x0000021b496c0d70 ConcurrentGCThread "G1 Conc#0" [stack: 0x000000b06ea00000,0x000000b06eb00000] [id=4204]

[error occurred during error reporting (printing all threads), id 0xc0000005, EXCEPTION_ACCESS_VIOLATION (0xc0000005) at pc=0x00007ff937c088a7]

VM state: not at safepoint (not fully initialized)

VM Mutex/Monitor currently owned by a thread:  ([mutex/lock_event])
[0x0000021b4968fe70] Heap_lock - owner thread: 0x0000021b49696280

Heap address: 0x00000000e0000000, size: 512 MB, Compressed Oops mode: 32-bit

CDS archive(s) mapped at: [0x0000000000000000-0x0000000000000000-0x0000000000000000), size 0, SharedBaseAddress: 0x0000000800000000, ArchiveRelocationMode: 0.
Narrow klass base: 0x0000000000000000, Narrow klass shift: 0, Narrow klass range: 0x0

GC Precious Log:
<Empty>

Heap:
 garbage-first heap   total 0K, used 0K [0x00000000e0000000, 0x0000000100000000)
  region size 1024K, 0 young (0K), 0 survivors (0K)

[error occurred during error reporting (printing heap information), id 0xc0000005, EXCEPTION_ACCESS_VIOLATION (0xc0000005) at pc=0x00007ff937fe9f19]

GC Heap History (0 events):
No events

Deoptimization events (0 events):
No events

Classes unloaded (0 events):
No events

Classes redefined (0 events):
No events

Internal exceptions (0 events):
No events

VM Operations (0 events):
No events

Events (1 events):
Event: 0.006 Loaded shared library C:\Users\Даниль\.jdks\openjdk-17.0.2\bin\java.dll


Dynamic libraries:
0x00007ff6854d0000 - 0x00007ff6854de000 	C:\Users\Даниль\.jdks\openjdk-17.0.2\bin\java.exe
0x00007ff995310000 - 0x00007ff995508000 	C:\WINDOWS\SYSTEM32\ntdll.dll
0x00007ff994f30000 - 0x00007ff994fed000 	C:\WINDOWS\System32\KERNEL32.DLL
0x00007ff992bd0000 - 0x00007ff992e9e000 	C:\WINDOWS\System32\KERNELBASE.dll
0x00007ff990330000 - 0x00007ff9903c0000 	C:\WINDOWS\SYSTEM32\apphelp.dll
0x00007ff993270000 - 0x00007ff993370000 	C:\WINDOWS\System32\ucrtbase.dll
0x00007ff980630000 - 0x00007ff98064a000 	C:\Users\Даниль\.jdks\openjdk-17.0.2\bin\VCRUNTIME140.dll
0x00007ff980610000 - 0x00007ff980628000 	C:\Users\Даниль\.jdks\openjdk-17.0.2\bin\jli.dll
0x00007ff993940000 - 0x00007ff993ae0000 	C:\WINDOWS\System32\USER32.dll
0x00007ff992f50000 - 0x00007ff992f72000 	C:\WINDOWS\System32\win32u.dll
0x00007ff97eec0000 - 0x00007ff97f15a000 	C:\WINDOWS\WinSxS\amd64_microsoft.windows.common-controls_6595b64144ccf1df_6.0.19041.1110_none_60b5254171f9507e\COMCTL32.dll
0x00007ff993ae0000 - 0x00007ff993b0a000 	C:\WINDOWS\System32\GDI32.dll
0x00007ff9941d0000 - 0x00007ff99426e000 	C:\WINDOWS\System32\msvcrt.dll
0x00007ff992f80000 - 0x00007ff99308b000 	C:\WINDOWS\System32\gdi32full.dll
0x00007ff992b30000 - 0x00007ff992bcd000 	C:\WINDOWS\System32\msvcp_win.dll
0x00007ff993d30000 - 0x00007ff993d60000 	C:\WINDOWS\System32\IMM32.DLL
0x00007ff98c620000 - 0x00007ff98c62c000 	C:\Users\Даниль\.jdks\openjdk-17.0.2\bin\vcruntime140_1.dll
0x00007ff97f440000 - 0x00007ff97f4cd000 	C:\Users\Даниль\.jdks\openjdk-17.0.2\bin\msvcp140.dll
0x00007ff937920000 - 0x00007ff9384e1000 	C:\Users\Даниль\.jdks\openjdk-17.0.2\bin\server\jvm.dll
0x00007ff994ff0000 - 0x00007ff99509e000 	C:\WINDOWS\System32\ADVAPI32.dll
0x00007ff994c70000 - 0x00007ff994d0c000 	C:\WINDOWS\System32\sechost.dll
0x00007ff995190000 - 0x00007ff9952b5000 	C:\WINDOWS\System32\RPCRT4.dll
0x00007ff993930000 - 0x00007ff993938000 	C:\WINDOWS\System32\PSAPI.DLL
0x00007ff97a340000 - 0x00007ff97a349000 	C:\WINDOWS\SYSTEM32\WSOCK32.dll
0x00007ff97dc30000 - 0x00007ff97dc57000 	C:\WINDOWS\SYSTEM32\WINMM.dll
0x00007ff994ec0000 - 0x00007ff994f2b000 	C:\WINDOWS\System32\WS2_32.dll
0x00007ff987fb0000 - 0x00007ff987fba000 	C:\WINDOWS\SYSTEM32\VERSION.dll
0x00007ff990930000 - 0x00007ff990942000 	C:\WINDOWS\SYSTEM32\kernel.appcore.dll
0x00007ff98c5f0000 - 0x00007ff98c5fa000 	C:\Users\Даниль\.jdks\openjdk-17.0.2\bin\jimage.dll
0x00007ff976080000 - 0x00007ff976264000 	C:\WINDOWS\SYSTEM32\DBGHELP.DLL
0x00007ff976010000 - 0x00007ff97603c000 	C:\WINDOWS\SYSTEM32\dbgcore.DLL
0x00007ff992a30000 - 0x00007ff992ab2000 	C:\WINDOWS\System32\bcryptPrimitives.dll
0x00007ff97fbf0000 - 0x00007ff97fc15000 	C:\Users\Даниль\.jdks\openjdk-17.0.2\bin\java.dll

dbghelp: loaded successfully - version: 4.0.5 - missing functions: none
symbol engine: initialized successfully - sym options: 0x614 - pdb path: .;C:\Users\Даниль\.jdks\openjdk-17.0.2\bin;C:\WINDOWS\SYSTEM32;C:\WINDOWS\WinSxS\amd64_microsoft.windows.common-controls_6595b64144ccf1df_6.0.19041.1110_none_60b5254171f9507e;C:\Users\Даниль\.jdks\openjdk-17.0.2\bin\server

VM Arguments:
jvm_args: -Dorg.gradle.internal.worker.tmpdir=C:\Users\Даниль\.IntelliJIdea2019.2\meetingroom-new-backend\registration-service\build\tmp\test\work -Dorg.gradle.native=false --add-opens=java.base/java.util=ALL-UNNAMED --add-opens=java.base/java.lang=ALL-UNNAMED -Xmx512m -Dfile.encoding=windows-1251 -Duser.country=RU -Duser.language=ru -Duser.variant -ea 
java_command: worker.org.gradle.process.internal.worker.GradleWorkerMain 'Gradle Test Executor 24'
java_class_path (initial): C:\\Users\\Даниль\\.gradle\\caches\\7.4\\workerMain\\gradle-worker.jar;C:\\Users\\Даниль\\.IntelliJIdea2019.2\\meetingroom-new-backend\\registration-service\\build\\classes\\java\\test;C:\\Users\\Даниль\\.IntelliJIdea2019.2\\meetingroom-new-backend\\registration-service\\build\\resources\\test;C:\\Users\\Даниль\\.IntelliJIdea2019.2\\meetingroom-new-backend\\registration-service\\build\\classes\\java\\main;C:\\Users\\Даниль\\.IntelliJIdea2019.2\\meetingroom-new-backend\\registration-service\\build\\resources\\main;C:\\Users\\Даниль\\.gradle\\caches\\modules-2\\files-2.1\\org.springframework.boot\\spring-boot-starter-data-jpa\\2.6.6\\30942753cd29132913a5b642dc5b045c1cb18fd9\\spring-boot-starter-data-jpa-2.6.6.jar;C:\\Users\\Даниль\\.gradle\\caches\\modules-2\\files-2.1\\org.springframework.boot\\spring-boot-starter-data-redis\\2.6.6\\ffe0f27d44a16ab6be555ebabf678982afe37541\\spring-boot-starter-data-redis-2.6.6.jar;C:\\Users\\Даниль\\.gradle\\caches\\modules-2\\files-2.1\\org.springframework.boot\\spring-boot-starter-security\\2.6.6\\ec94a50b43f1dc868da98999ee607a88c3b538b5\\spring-boot-starter-security-2.6.6.jar;C:\\Users\\Даниль\\.gradle\\caches\\modules-2\\files-2.1\\org.springframework.boot\\spring-boot-starter-web\\2.6.6\\7aa73898044e9fb7dc71dbf4d4e0f2fbcc7ce25f\\spring-boot-starter-web-2.6.6.jar;C:\\Users\\Даниль\\.gradle\\caches\\modules-2\\files-2.1\\org.springframework.boot\\spring-boot-starter-validation\\2.6.6\\bcebaa063294fa43d149deafa48892dfeaee4e6\\spring-boot-starter-validation-2.6.6.jar;C:\\Users\\Даниль\\.gradle\\caches\\modules-2\\files-2.1\\org.flywaydb\\flyway-core\\8.0.5\\29316ab61e9672b27d06c03e254fe30d37791794\\flyway-core-8.0.5.jar;C:\\Users\\Даниль\\.gradle\\caches\\modules-2\\files-2.1\\com.github.javafaker\\javafaker\\1.0.2\\be0ff271b1208416822db4438864df47f90af92f\\javafaker-1.0.2.jar;C:\\Users\\Даниль\\.gradle\\caches\\modules-2\\files-2.1\\org.springframework.kafka\\spring-kafka\\2.8.4\\b2ec67f15f406f02bdcb1f9
Launcher Type: SUN_STANDARD

[Global flags]
     intx CICompilerCount                          = 3                                         {product} {ergonomic}
     uint ConcGCThreads                            = 1                                         {product} {ergonomic}
     uint G1ConcRefinementThreads                  = 4                                         {product} {ergonomic}
   size_t G1HeapRegionSize                         = 1048576                                   {product} {ergonomic}
    uintx GCDrainStackTargetSize                   = 64                                        {product} {ergonomic}
   size_t InitialHeapSize                          = 264241152                                 {product} {ergonomic}
   size_t MarkStackSize                            = 4194304                                   {product} {ergonomic}
   size_t MaxHeapSize                              = 536870912                                 {product} {command line}
   size_t MinHeapDeltaBytes                        = 1048576                                   {product} {ergonomic}
   size_t MinHeapSize                              = 8388608                                   {product} {ergonomic}
    uintx NonNMethodCodeHeapSize                   = 5832780                                {pd product} {ergonomic}
    uintx NonProfiledCodeHeapSize                  = 122912730                              {pd product} {ergonomic}
    uintx ProfiledCodeHeapSize                     = 122912730                              {pd product} {ergonomic}
    uintx ReservedCodeCacheSize                    = 251658240                              {pd product} {ergonomic}
     bool SegmentedCodeCache                       = true                                      {product} {ergonomic}
   size_t SoftMaxHeapSize                          = 536870912                              {manageable} {ergonomic}
     bool UseCompressedClassPointers               = true                           {product lp64_product} {ergonomic}
     bool UseCompressedOops                        = true                           {product lp64_product} {ergonomic}
     bool UseG1GC                                  = true                                      {product} {ergonomic}
     bool UseLargePagesIndividualAllocation        = false                                  {pd product} {ergonomic}

Logging:
Log output configuration:
 #0: stdout all=warning uptime,level,tags
 #1: stderr all=off uptime,level,tags

Environment Variables:
PATH=C:\Windows\system32;C:\Windows;C:\Windows\System32\Wbem;C:\Windows\System32\WindowsPowerShell\v1.0\;C:\Windows\System32\OpenSSH\;C:\Program Files (x86)\NVIDIA Corporation\PhysX\Common;C:\Program Files\Polyspace\R2020a\bin;C:\Program Files\NVIDIA Corporation\NVIDIA NvDLISR;C:\WINDOWS\system32;C:\WINDOWS;C:\WINDOWS\System32\Wbem;C:\WINDOWS\System32\WindowsPowerShell\v1.0\;C:\WINDOWS\System32\OpenSSH\;C:\Program Files\dotnet\;C:\Program Files\Microsoft SQL Server\130\Tools\Binn\;C:\Program Files\Microsoft SQL Server\Client SDK\ODBC\170\Tools\Binn\;C:\Program Files (x86)\dotnet\;C:\Program Files\Git\cmd;C:\Users\Даниль\AppData\Local\Microsoft\WindowsApps;C:\Users\Даниль\.dotnet\tools;C:\Users\Даниль\AppData\Local\Programs\Microsoft VS Code\bin
USERNAME=Даниль
OS=Windows_NT
PROCESSOR_IDENTIFIER=Intel64 Family 6 Model 142 Stepping 12, GenuineIntel



---------------  S Y S T E M  ---------------

OS:
 Windows 10 , 64 bit Build 19041 (10.0.19041.1889)
OS uptime: 10 days 2:52 hours

CPU: total 4 (initial active 4) (2 cores per cpu, 2 threads per core) family 6 model 142 stepping 12 microcode 0xc0, cx8, cmov, fxsr, ht, mmx, 3dnowpref, sse, sse2, sse3, ssse3, sse4.1, sse4.2, popcnt, lzcnt, tsc, tscinvbit, avx, avx2, aes, erms, clmul, bmi1, bmi2, adx, fma, vzeroupper, clflush, clflushopt

Memory: 4k page, system-wide physical 16101M (4167M free)
TotalPageFile size 18117M (AvailPageFile size 18M)
current process WorkingSet (physical memory assigned to process): 10M, peak: 10M
current process commit charge ("private bytes"): 51M, peak: 303M

vm_info: OpenJDK 64-Bit Server VM (17.0.2+8-86) for windows-amd64 JRE (17.0.2+8-86), built on Dec  7 2021 21:49:10 by "mach5one" with MS VC++ 16.8 / 16.9 (VS2019)

END.
